n = 40, p = 1, n - p - 1 = 38
Y: 国内生产总值(亿元)
-------------------------------Solve Result----------------------------------
Xi	| EstBeta	| T-Value	| F-Value	| X_name
-----------------------------------------------------------------------------
X0	| -1533168.63357	| 0.00000	| 0.00000	| 1
X1	| 14.21581	| 7.66124	| 58.69456	| 年末总人口(万人)
-----------------------------------------------------------------------------
	Q:  885542937316.09119
	U:  1367804064091.02295
	F:  58.69456
	R2: 0.60701
	mean-Q:  22138573432.90228
-----------------------------------------------------------------------------
n = 40, p = 1, n - p - 1 = 38
Y: 国内生产总值(亿元)
-------------------------------Solve Result----------------------------------
Xi	| EstBeta	| T-Value	| F-Value	| X_name
-----------------------------------------------------------------------------
X0	| -4555.79067	| 0.00000	| 0.00000	| 1
X2	| 2.39616	| 24.52837	| 601.64086	| 进出口总额(人民币)(亿元)
-----------------------------------------------------------------------------
	Q:  133867597895.79579
	U:  2119479403511.33228
	F:  601.64086
	R2: 0.94059
	mean-Q:  3346689947.39489
-----------------------------------------------------------------------------
n = 40, p = 1, n - p - 1 = 38
Y: 国内生产总值(亿元)
-------------------------------Solve Result----------------------------------
Xi	| EstBeta	| T-Value	| F-Value	| X_name
-----------------------------------------------------------------------------
X0	| 18492.66747	| 0.00000	| 0.00000	| 1
X3	| 4.57896	| 83.59171	| 6987.57322	| 财政收入(亿元)
-----------------------------------------------------------------------------
	Q:  12187928784.18147
	U:  2241159072622.94775
	F:  6987.57322
	R2: 0.99459
	mean-Q:  304698219.60454
-----------------------------------------------------------------------------
n = 40, p = 1, n - p - 1 = 38
Y: 国内生产总值(亿元)
-------------------------------Solve Result----------------------------------
Xi	| EstBeta	| T-Value	| F-Value	| X_name
-----------------------------------------------------------------------------
X0	| 22487.21742	| 0.00000	| 0.00000	| 1
X4	| 4.04532	| 64.69081	| 4184.90116	| 财政支出(亿元)
-----------------------------------------------------------------------------
	Q:  20276862459.80677
	U:  2233070138947.32080
	F:  4184.90116
	R2: 0.99100
	mean-Q:  506921561.49517
-----------------------------------------------------------------------------
n = 40, p = 1, n - p - 1 = 38
Y: 国内生产总值(亿元)
-------------------------------Solve Result----------------------------------
Xi	| EstBeta	| T-Value	| F-Value	| X_name
-----------------------------------------------------------------------------
X0	| -205208.92927	| 0.00000	| 0.00000	| 1
X5	| 1091.68535	| 9.12850	| 83.32950	| 居民消费价格指数(1978=100)
-----------------------------------------------------------------------------
	Q:  705740843410.72949
	U:  1547606157996.39185
	F:  83.32950
	R2: 0.68680
	mean-Q:  17643521085.26824
-----------------------------------------------------------------------------
n = 40, p = 1, n - p - 1 = 38
Y: 国内生产总值(亿元)
-------------------------------Solve Result----------------------------------
Xi	| EstBeta	| T-Value	| F-Value	| X_name
-----------------------------------------------------------------------------
X0	| -24220.73657	| 0.00000	| 0.00000	| 1
X6	| 22.72767	| 86.32793	| 7452.51135	| 城镇居民家庭人均可支配收入(元)
-----------------------------------------------------------------------------
	Q:  11431420644.38633
	U:  2241915580762.73877
	F:  7452.51135
	R2: 0.99493
	mean-Q:  285785516.10966
-----------------------------------------------------------------------------
n = 40, p = 1, n - p - 1 = 38
Y: 国内生产总值(亿元)
-------------------------------Solve Result----------------------------------
Xi	| EstBeta	| T-Value	| F-Value	| X_name
-----------------------------------------------------------------------------
X0	| -20618.01145	| 0.00000	| 0.00000	| 1
X7	| 64.56993	| 62.63900	| 3923.64490	| 农村居民家庭人均可支配收入(元)
-----------------------------------------------------------------------------
	Q:  21614048736.69484
	U:  2231732952670.43066
	F:  3923.64490
	R2: 0.99041
	mean-Q:  540351218.41737
-----------------------------------------------------------------------------
n = 40, p = 1, n - p - 1 = 38
Y: 国内生产总值(亿元)
-------------------------------Solve Result----------------------------------
Xi	| EstBeta	| T-Value	| F-Value	| X_name
-----------------------------------------------------------------------------
X0	| -40395.29910	| 0.00000	| 0.00000	| 1
X8	| 6.68536	| 49.37995	| 2438.37912	| 农林牧渔业总产值(亿元)
-----------------------------------------------------------------------------
	Q:  34577575465.43809
	U:  2218769425941.69238
	F:  2438.37912
	R2: 0.98466
	mean-Q:  864439386.63595
-----------------------------------------------------------------------------
n = 40, p = 1, n - p - 1 = 38
Y: 国内生产总值(亿元)
-------------------------------Solve Result----------------------------------
Xi	| EstBeta	| T-Value	| F-Value	| X_name
-----------------------------------------------------------------------------
X0	| 208134.13059	| 0.00000	| 0.00000	| 1
X9	| -0.05227	| 0.14527	| 0.02110	| 工业企业单位数(个)
-----------------------------------------------------------------------------
	Q:  2252096342547.15234
	U:  1250658859.97611
	F:  0.02110
	R2: 0.00056
	mean-Q:  56302408563.67881
-----------------------------------------------------------------------------
n = 40, p = 1, n - p - 1 = 38
Y: 国内生产总值(亿元)
-------------------------------Solve Result----------------------------------
Xi	| EstBeta	| T-Value	| F-Value	| X_name
-----------------------------------------------------------------------------
X0	| -84796.39319	| 0.00000	| 0.00000	| 1
X10	| 0.18959	| 6.38277	| 40.73976	| 旅客运输量(万人)
-----------------------------------------------------------------------------
	Q:  1087470686251.37622
	U:  1165876315155.75195
	F:  40.73976
	R2: 0.51740
	mean-Q:  27186767156.28440
-----------------------------------------------------------------------------
n = 40, p = 1, n - p - 1 = 38
Y: 国内生产总值(亿元)
-------------------------------Solve Result----------------------------------
Xi	| EstBeta	| T-Value	| F-Value	| X_name
-----------------------------------------------------------------------------
X0	| -121636.47505	| 0.00000	| 0.00000	| 1
X11	| 0.17704	| 31.34354	| 982.41763	| 货物运输量(万吨)
-----------------------------------------------------------------------------
	Q:  83913864225.52510
	U:  2169433137181.60376
	F:  982.41763
	R2: 0.96276
	mean-Q:  2097846605.63813
-----------------------------------------------------------------------------
n = 40, p = 1, n - p - 1 = 38
Y: 国内生产总值(亿元)
-------------------------------Solve Result----------------------------------
Xi	| EstBeta	| T-Value	| F-Value	| X_name
-----------------------------------------------------------------------------
X0	| 9323.52618	| 0.00000	| 0.00000	| 1
X12	| 2.34403	| 74.94334	| 5616.50353	| 社会消费品零售总额(亿元)
-----------------------------------------------------------------------------
	Q:  15143183760.71004
	U:  2238203817646.41553
	F:  5616.50353
	R2: 0.99328
	mean-Q:  378579594.01775
-----------------------------------------------------------------------------
n = 40, p = 1, n - p - 1 = 38
Y: 国内生产总值(亿元)
-------------------------------Solve Result----------------------------------
Xi	| EstBeta	| T-Value	| F-Value	| X_name
-----------------------------------------------------------------------------
X0	| -95958.25292	| 0.00000	| 0.00000	| 1
X13	| 40.35530	| 9.45724	| 89.43932	| 入境游客(万人次)
-----------------------------------------------------------------------------
	Q:  671905561606.65308
	U:  1581441439800.47095
	F:  89.43932
	R2: 0.70182
	mean-Q:  16797639040.16633
-----------------------------------------------------------------------------
n = 40, p = 1, n - p - 1 = 38
Y: 国内生产总值(亿元)
-------------------------------Solve Result----------------------------------
Xi	| EstBeta	| T-Value	| F-Value	| X_name
-----------------------------------------------------------------------------
X0	| -24409.33207	| 0.00000	| 0.00000	| 1
X14	| 10.67396	| 47.12137	| 2220.42337	| 流通中现金(M0)供应量(亿元)
-----------------------------------------------------------------------------
	Q:  37914585579.27627
	U:  2215432415827.85156
	F:  2220.42337
	R2: 0.98317
	mean-Q:  947864639.48191
-----------------------------------------------------------------------------
n = 40, p = 1, n - p - 1 = 38
Y: 国内生产总值(亿元)
-------------------------------Solve Result----------------------------------
Xi	| EstBeta	| T-Value	| F-Value	| X_name
-----------------------------------------------------------------------------
X0	| -302103.84415	| 0.00000	| 0.00000	| 1
X15	| 338.94435	| 16.72995	| 279.89120	| 普通高等学校学校数(所)
-----------------------------------------------------------------------------
	Q:  269360035305.84116
	U:  1983986966101.28809
	F:  279.89120
	R2: 0.88046
	mean-Q:  6734000882.64603
-----------------------------------------------------------------------------
n = 40, p = 1, n - p - 1 = 38
Y: 国内生产总值(亿元)
-------------------------------Solve Result----------------------------------
Xi	| EstBeta	| T-Value	| F-Value	| X_name
-----------------------------------------------------------------------------
X0	| -12216.36479	| 0.00000	| 0.00000	| 1
X16	| 0.22274	| 1.28883	| 1.66109	| 医疗卫生机构数(个)
-----------------------------------------------------------------------------
	Q:  2158972135719.94336
	U:  94374865687.18462
	F:  1.66109
	R2: 0.04188
	mean-Q:  53974303392.99858
-----------------------------------------------------------------------------

* Step [ 1 ]: Add X6: 城镇居民家庭人均可支配收入(元) Fi = 7452.51135 >= 2.94
n = 40, p = 2, n - p - 1 = 37
Y: 国内生产总值(亿元)
-------------------------------Solve Result----------------------------------
Xi	| EstBeta	| T-Value	| F-Value	| X_name
-----------------------------------------------------------------------------
X0	| 195161.48642	| 0.00000	| 0.00000	| 1
X1	| -1.96626	| 10.85708	| 117.87629	| 年末总人口(万人)
X6	| 24.73379	| 109.36453	| 11960.59956	| 城镇居民家庭人均可支配收入(元)
-----------------------------------------------------------------------------
	Q:  2730970351.86569
	U:  2250616031055.26562
	F:  15246.00827
	R2: 0.99879
	mean-Q:  68274258.79664
-----------------------------------------------------------------------------
n = 40, p = 2, n - p - 1 = 37
Y: 国内生产总值(亿元)
-------------------------------Solve Result----------------------------------
Xi	| EstBeta	| T-Value	| F-Value	| X_name
-----------------------------------------------------------------------------
X0	| -24476.22971	| 0.00000	| 0.00000	| 1
X2	| -0.07342	| 0.57917	| 0.33544	| 进出口总额(人民币)(亿元)
X6	| 23.38704	| 20.00541	| 400.21653	| 城镇居民家庭人均可支配收入(元)
-----------------------------------------------------------------------------
	Q:  11328714220.99184
	U:  2242018287186.11963
	F:  3661.25736
	R2: 0.99497
	mean-Q:  283217855.52480
-----------------------------------------------------------------------------
n = 40, p = 2, n - p - 1 = 37
Y: 国内生产总值(亿元)
-------------------------------Solve Result----------------------------------
Xi	| EstBeta	| T-Value	| F-Value	| X_name
-----------------------------------------------------------------------------
X0	| -4171.80992	| 0.00000	| 0.00000	| 1
X3	| 2.26128	| 21.87828	| 478.65919	| 财政收入(亿元)
X6	| 11.61514	| 22.64474	| 512.78447	| 城镇居民家庭人均可支配收入(元)
-----------------------------------------------------------------------------
	Q:  820236644.13044
	U:  2252526764763.00879
	F:  50804.53970
	R2: 0.99964
	mean-Q:  20505916.10326
-----------------------------------------------------------------------------
n = 40, p = 2, n - p - 1 = 37
Y: 国内生产总值(亿元)
-------------------------------Solve Result----------------------------------
Xi	| EstBeta	| T-Value	| F-Value	| X_name
-----------------------------------------------------------------------------
X0	| -5808.66882	| 0.00000	| 0.00000	| 1
X4	| 1.70301	| 13.20840	| 174.46189	| 财政支出(亿元)
X6	| 13.29307	| 18.38716	| 338.08756	| 城镇居民家庭人均可支配收入(元)
-----------------------------------------------------------------------------
	Q:  2000183390.49111
	U:  2251346818016.62744
	F:  20823.04869
	R2: 0.99911
	mean-Q:  50004584.76228
-----------------------------------------------------------------------------
n = 40, p = 2, n - p - 1 = 37
Y: 国内生产总值(亿元)
-------------------------------Solve Result----------------------------------
Xi	| EstBeta	| T-Value	| F-Value	| X_name
-----------------------------------------------------------------------------
X0	| 12154.63499	| 0.00000	| 0.00000	| 1
X5	| -164.53042	| 11.64730	| 135.65950	| 居民消费价格指数(1978=100)
X6	| 25.18325	| 103.06536	| 10622.46758	| 城镇居民家庭人均可支配收入(元)
-----------------------------------------------------------------------------
	Q:  2449691883.42852
	U:  2250897309523.69873
	F:  16998.70931
	R2: 0.99891
	mean-Q:  61242297.08571
-----------------------------------------------------------------------------
n = 40, p = 2, n - p - 1 = 37
Y: 国内生产总值(亿元)
-------------------------------Solve Result----------------------------------
Xi	| EstBeta	| T-Value	| F-Value	| X_name
-----------------------------------------------------------------------------
X0	| -23650.03197	| 0.00000	| 0.00000	| 1
X6	| 16.27302	| 6.86483	| 47.12592	| 城镇居民家庭人均可支配收入(元)
X7	| 18.47722	| 2.73738	| 7.49323	| 农村居民家庭人均可支配收入(元)
-----------------------------------------------------------------------------
	Q:  9506223391.36636
	U:  2243840778015.84570
	F:  4366.72406
	R2: 0.99578
	mean-Q:  237655584.78416
-----------------------------------------------------------------------------
n = 40, p = 2, n - p - 1 = 37
Y: 国内生产总值(亿元)
-------------------------------Solve Result----------------------------------
Xi	| EstBeta	| T-Value	| F-Value	| X_name
-----------------------------------------------------------------------------
X0	| -18823.37755	| 0.00000	| 0.00000	| 1
X6	| 29.49829	| 9.44608	| 89.22835	| 城镇居民家庭人均可支配收入(元)
X8	| -2.00845	| 2.17517	| 4.73136	| 农林牧渔业总产值(亿元)
-----------------------------------------------------------------------------
	Q:  10135364160.81975
	U:  2243211637246.25928
	F:  4094.51645
	R2: 0.99550
	mean-Q:  253384104.02049
-----------------------------------------------------------------------------
n = 40, p = 2, n - p - 1 = 37
Y: 国内生产总值(亿元)
-------------------------------Solve Result----------------------------------
Xi	| EstBeta	| T-Value	| F-Value	| X_name
-----------------------------------------------------------------------------
X0	| -44974.99540	| 0.00000	| 0.00000	| 1
X6	| 22.75577	| 91.08495	| 8296.46836	| 城镇居民家庭人均可支配收入(元)
X9	| 0.05600	| 2.30214	| 5.29987	| 工业企业单位数(个)
-----------------------------------------------------------------------------
	Q:  9999145746.02772
	U:  2243347855661.09619
	F:  4150.54810
	R2: 0.99556
	mean-Q:  249978643.65069
-----------------------------------------------------------------------------
n = 40, p = 2, n - p - 1 = 37
Y: 国内生产总值(亿元)
-------------------------------Solve Result----------------------------------
Xi	| EstBeta	| T-Value	| F-Value	| X_name
-----------------------------------------------------------------------------
X0	| -12435.29956	| 0.00000	| 0.00000	| 1
X6	| 23.63108	| 68.17119	| 4647.31100	| 城镇居民家庭人均可支配收入(元)
X10	| -0.01403	| 3.49874	| 12.24117	| 旅客运输量(万人)
-----------------------------------------------------------------------------
	Q:  8589612296.60829
	U:  2244757389110.51758
	F:  4834.67824
	R2: 0.99619
	mean-Q:  214740307.41521
-----------------------------------------------------------------------------
n = 40, p = 2, n - p - 1 = 37
Y: 国内生产总值(亿元)
-------------------------------Solve Result----------------------------------
Xi	| EstBeta	| T-Value	| F-Value	| X_name
-----------------------------------------------------------------------------
X0	| -18658.60300	| 0.00000	| 0.00000	| 1
X6	| 23.90589	| 15.45942	| 238.99355	| 城镇居民家庭人均可支配收入(元)
X11	| -0.00947	| 0.77334	| 0.59806	| 货物运输量(万吨)
-----------------------------------------------------------------------------
	Q:  11249585132.64904
	U:  2242097416274.46875
	F:  3687.14061
	R2: 0.99501
	mean-Q:  281239628.31623
-----------------------------------------------------------------------------
n = 40, p = 2, n - p - 1 = 37
Y: 国内生产总值(亿元)
-------------------------------Solve Result----------------------------------
Xi	| EstBeta	| T-Value	| F-Value	| X_name
-----------------------------------------------------------------------------
X0	| -9924.14701	| 0.00000	| 0.00000	| 1
X6	| 12.53740	| 10.44512	| 109.10045	| 城镇居民家庭人均可支配收入(元)
X12	| 1.06068	| 8.56093	| 73.28960	| 社会消费品零售总额(亿元)
-----------------------------------------------------------------------------
	Q:  3835017674.62472
	U:  2249511983732.55469
	F:  10851.57233
	R2: 0.99830
	mean-Q:  95875441.86562
-----------------------------------------------------------------------------
n = 40, p = 2, n - p - 1 = 37
Y: 国内生产总值(亿元)
-------------------------------Solve Result----------------------------------
Xi	| EstBeta	| T-Value	| F-Value	| X_name
-----------------------------------------------------------------------------
X0	| -5065.95916	| 0.00000	| 0.00000	| 1
X6	| 25.19135	| 91.11604	| 8302.13222	| 城镇居民家庭人均可支配收入(元)
X13	| -5.98585	| 10.24096	| 104.87727	| 入境游客(万人次)
-----------------------------------------------------------------------------
	Q:  2981186187.39483
	U:  2250365815219.72803
	F:  13964.83311
	R2: 0.99868
	mean-Q:  74529654.68487
-----------------------------------------------------------------------------
n = 40, p = 2, n - p - 1 = 37
Y: 国内生产总值(亿元)
-------------------------------Solve Result----------------------------------
Xi	| EstBeta	| T-Value	| F-Value	| X_name
-----------------------------------------------------------------------------
X0	| -23531.46679	| 0.00000	| 0.00000	| 1
X6	| 29.68516	| 10.24632	| 104.98708	| 城镇居民家庭人均可支配收入(元)
X14	| -3.29914	| 2.41034	| 5.80975	| 流通中现金(M0)供应量(亿元)
-----------------------------------------------------------------------------
	Q:  9880051808.86212
	U:  2243466949598.17725
	F:  4200.80171
	R2: 0.99562
	mean-Q:  247001295.22155
-----------------------------------------------------------------------------
n = 40, p = 2, n - p - 1 = 37
Y: 国内生产总值(亿元)
-------------------------------Solve Result----------------------------------
Xi	| EstBeta	| T-Value	| F-Value	| X_name
-----------------------------------------------------------------------------
X0	| 3104.88597	| 0.00000	| 0.00000	| 1
X6	| 24.57174	| 31.28985	| 979.05488	| 城镇居民家庭人均可支配收入(元)
X15	| -30.79932	| 2.47397	| 6.12054	| 普通高等学校学校数(所)
-----------------------------------------------------------------------------
	Q:  9808841564.93382
	U:  2243538159842.19043
	F:  4231.43301
	R2: 0.99565
	mean-Q:  245221039.12335
-----------------------------------------------------------------------------
n = 40, p = 2, n - p - 1 = 37
Y: 国内生产总值(亿元)
-------------------------------Solve Result----------------------------------
Xi	| EstBeta	| T-Value	| F-Value	| X_name
-----------------------------------------------------------------------------
X0	| -3271.35942	| 0.00000	| 0.00000	| 1
X6	| 22.84331	| 87.60820	| 7675.19637	| 城镇居民家庭人均可支配收入(元)
X16	| -0.02439	| 1.95828	| 3.83488	| 医疗卫生机构数(个)
-----------------------------------------------------------------------------
	Q:  10357875388.36400
	U:  2242989126018.75928
	F:  4006.15930
	R2: 0.99540
	mean-Q:  258946884.70910
-----------------------------------------------------------------------------
Not Remove X6 城镇居民家庭人均可支配收入(元) F_value:512.78447 > F_out:2.94

* Step [ 2 ]: Add X3: 财政收入(亿元) Fi = 478.65919 >= 2.94
n = 40, p = 3, n - p - 1 = 36
Y: 国内生产总值(亿元)
-------------------------------Solve Result----------------------------------
Xi	| EstBeta	| T-Value	| F-Value	| X_name
-----------------------------------------------------------------------------
X0	| 26108.48170	| 0.00000	| 0.00000	| 1
X1	| -0.29254	| 1.45594	| 2.11977	| 年末总人口(万人)
X3	| 1.99515	| 9.53517	| 90.91942	| 财政收入(亿元)
X6	| 13.22146	| 10.89519	| 118.70523	| 城镇居民家庭人均可支配收入(元)
-----------------------------------------------------------------------------
	Q:  774624848.77128
	U:  2252572376558.14355
	F:  34895.43172
	R2: 0.99966
	mean-Q:  19365621.21928
-----------------------------------------------------------------------------
n = 40, p = 3, n - p - 1 = 36
Y: 国内生产总值(亿元)
-------------------------------Solve Result----------------------------------
Xi	| EstBeta	| T-Value	| F-Value	| X_name
-----------------------------------------------------------------------------
X0	| -4225.80702	| 0.00000	| 0.00000	| 1
X2	| -0.00933	| 0.26897	| 0.07235	| 进出口总额(人民币)(亿元)
X3	| 2.25885	| 21.49916	| 462.21389	| 财政收入(亿元)
X6	| 11.71084	| 18.59912	| 345.92743	| 城镇居民家庭人均可支配收入(元)
-----------------------------------------------------------------------------
	Q:  818591609.64939
	U:  2252528409797.68311
	F:  33020.54480
	R2: 0.99964
	mean-Q:  20464790.24123
-----------------------------------------------------------------------------
n = 40, p = 3, n - p - 1 = 36
Y: 国内生产总值(亿元)
-------------------------------Solve Result----------------------------------
Xi	| EstBeta	| T-Value	| F-Value	| X_name
-----------------------------------------------------------------------------
X0	| -4087.19918	| 0.00000	| 0.00000	| 1
X3	| 2.06078	| 7.29439	| 53.20810	| 财政收入(亿元)
X4	| 0.17225	| 0.76323	| 0.58252	| 财政支出(亿元)
X6	| 11.64619	| 22.50693	| 506.56204	| 城镇居民家庭人均可支配收入(元)
-----------------------------------------------------------------------------
	Q:  807175635.73611
	U:  2252539825771.29492
	F:  33487.72772
	R2: 0.99964
	mean-Q:  20179390.89340
-----------------------------------------------------------------------------
n = 40, p = 3, n - p - 1 = 36
Y: 国内生产总值(亿元)
-------------------------------Solve Result----------------------------------
Xi	| EstBeta	| T-Value	| F-Value	| X_name
-----------------------------------------------------------------------------
X0	| -2613.81481	| 0.00000	| 0.00000	| 1
X3	| 2.11161	| 8.53492	| 72.84485	| 财政收入(亿元)
X5	| -13.04939	| 0.66693	| 0.44480	| 居民消费价格指数(1978=100)
X6	| 12.54544	| 8.43359	| 71.12545	| 城镇居民家庭人均可支配收入(元)
-----------------------------------------------------------------------------
	Q:  810225820.05714
	U:  2252536775586.83105
	F:  33361.61430
	R2: 0.99964
	mean-Q:  20255645.50143
-----------------------------------------------------------------------------
n = 40, p = 3, n - p - 1 = 36
Y: 国内生产总值(亿元)
-------------------------------Solve Result----------------------------------
Xi	| EstBeta	| T-Value	| F-Value	| X_name
-----------------------------------------------------------------------------
X0	| -4392.84720	| 0.00000	| 0.00000	| 1
X3	| 2.23132	| 19.65514	| 386.32467	| 财政收入(亿元)
X6	| 11.25779	| 15.07877	| 227.36935	| 城镇居民家庭人均可支配收入(元)
X7	| 1.44446	| 0.66328	| 0.43994	| 农村居民家庭人均可支配收入(元)
-----------------------------------------------------------------------------
	Q:  810334005.23896
	U:  2252536667401.79736
	F:  33357.15870
	R2: 0.99964
	mean-Q:  20258350.13097
-----------------------------------------------------------------------------
n = 40, p = 3, n - p - 1 = 36
Y: 国内生产总值(亿元)
-------------------------------Solve Result----------------------------------
Xi	| EstBeta	| T-Value	| F-Value	| X_name
-----------------------------------------------------------------------------
X0	| -3553.64649	| 0.00000	| 0.00000	| 1
X3	| 2.21904	| 20.77808	| 431.72857	| 财政收入(亿元)
X6	| 13.06804	| 11.05748	| 122.26780	| 城镇居民家庭人均可支配收入(元)
X8	| -0.36941	| 1.36104	| 1.85243	| 农林牧渔业总产值(亿元)
-----------------------------------------------------------------------------
	Q:  780095830.19114
	U:  2252566905576.58643
	F:  34650.61832
	R2: 0.99965
	mean-Q:  19502395.75478
-----------------------------------------------------------------------------
n = 40, p = 3, n - p - 1 = 36
Y: 国内生产总值(亿元)
-------------------------------Solve Result----------------------------------
Xi	| EstBeta	| T-Value	| F-Value	| X_name
-----------------------------------------------------------------------------
X0	| -8018.47403	| 0.00000	| 0.00000	| 1
X3	| 2.21802	| 20.56705	| 423.00339	| 财政收入(亿元)
X6	| 11.83242	| 22.08260	| 487.64134	| 城镇居民家庭人均可支配收入(元)
X9	| 0.00934	| 1.28544	| 1.65236	| 工业企业单位数(个)
-----------------------------------------------------------------------------
	Q:  784240927.04642
	U:  2252562760480.08447
	F:  34467.40943
	R2: 0.99965
	mean-Q:  19606023.17616
-----------------------------------------------------------------------------
n = 40, p = 3, n - p - 1 = 36
Y: 国内生产总值(亿元)
-------------------------------Solve Result----------------------------------
Xi	| EstBeta	| T-Value	| F-Value	| X_name
-----------------------------------------------------------------------------
X0	| -4023.29805	| 0.00000	| 0.00000	| 1
X3	| 2.24770	| 18.47975	| 341.50110	| 财政收入(亿元)
X6	| 11.70253	| 17.87869	| 319.64742	| 城镇居民家庭人均可支配收入(元)
X10	| -0.00032	| 0.21959	| 0.04822	| 旅客运输量(万人)
-----------------------------------------------------------------------------
	Q:  819139443.62818
	U:  2252527861963.55371
	F:  32998.45289
	R2: 0.99964
	mean-Q:  20478486.09070
-----------------------------------------------------------------------------
n = 40, p = 3, n - p - 1 = 36
Y: 国内生产总值(亿元)
-------------------------------Solve Result----------------------------------
Xi	| EstBeta	| T-Value	| F-Value	| X_name
-----------------------------------------------------------------------------
X0	| -4391.17326	| 0.00000	| 0.00000	| 1
X3	| 2.26299	| 21.39936	| 457.93266	| 财政收入(亿元)
X6	| 11.55712	| 16.14956	| 260.80826	| 城镇居民家庭人均可支配收入(元)
X11	| 0.00040	| 0.11799	| 0.01392	| 货物运输量(万吨)
-----------------------------------------------------------------------------
	Q:  819919595.56713
	U:  2252527081811.52686
	F:  32967.04351
	R2: 0.99964
	mean-Q:  20497989.88918
-----------------------------------------------------------------------------
n = 40, p = 3, n - p - 1 = 36
Y: 国内生产总值(亿元)
-------------------------------Solve Result----------------------------------
Xi	| EstBeta	| T-Value	| F-Value	| X_name
-----------------------------------------------------------------------------
X0	| -4047.97759	| 0.00000	| 0.00000	| 1
X3	| 2.01850	| 12.16922	| 148.08984	| 财政收入(亿元)
X6	| 11.18568	| 20.35738	| 414.42290	| 城镇居民家庭人均可支配收入(元)
X12	| 0.16889	| 1.83665	| 3.37328	| 社会消费品零售总额(亿元)
-----------------------------------------------------------------------------
	Q:  749963358.41166
	U:  2252597038048.51221
	F:  36043.31352
	R2: 0.99967
	mean-Q:  18749083.96029
-----------------------------------------------------------------------------
n = 40, p = 3, n - p - 1 = 36
Y: 国内生产总值(亿元)
-------------------------------Solve Result----------------------------------
Xi	| EstBeta	| T-Value	| F-Value	| X_name
-----------------------------------------------------------------------------
X0	| -3500.09444	| 0.00000	| 0.00000	| 1
X3	| 1.96895	| 10.32785	| 106.66453	| 财政收入(亿元)
X6	| 13.47150	| 11.78112	| 138.79474	| 城镇居民家庭人均可支配收入(元)
X13	| -1.01987	| 1.80344	| 3.25239	| 入境游客(万人次)
-----------------------------------------------------------------------------
	Q:  752273176.90872
	U:  2252594728230.15527
	F:  35932.60742
	R2: 0.99967
	mean-Q:  18806829.42272
-----------------------------------------------------------------------------
n = 40, p = 3, n - p - 1 = 36
Y: 国内生产总值(亿元)
-------------------------------Solve Result----------------------------------
Xi	| EstBeta	| T-Value	| F-Value	| X_name
-----------------------------------------------------------------------------
X0	| -4466.15844	| 0.00000	| 0.00000	| 1
X3	| 2.21550	| 20.43818	| 417.71937	| 财政收入(亿元)
X6	| 12.96653	| 11.14490	| 124.20885	| 城镇居民家庭人均可支配收入(元)
X14	| -0.53412	| 1.29133	| 1.66754	| 流通中现金(M0)供应量(亿元)
-----------------------------------------------------------------------------
	Q:  783924793.61209
	U:  2252563076613.73926
	F:  34481.31395
	R2: 0.99965
	mean-Q:  19598119.84030
-----------------------------------------------------------------------------
n = 40, p = 3, n - p - 1 = 36
Y: 国内生产总值(亿元)
-------------------------------Solve Result----------------------------------
Xi	| EstBeta	| T-Value	| F-Value	| X_name
-----------------------------------------------------------------------------
X0	| -151.79055	| 0.00000	| 0.00000	| 1
X3	| 2.21315	| 20.38417	| 415.51437	| 财政收入(亿元)
X6	| 12.15179	| 18.71114	| 350.10673	| 城镇居民家庭人均可支配收入(元)
X15	| -5.01210	| 1.32537	| 1.75661	| 普通高等学校学校数(所)
-----------------------------------------------------------------------------
	Q:  782075424.75477
	U:  2252564925982.30762
	F:  34562.88007
	R2: 0.99965
	mean-Q:  19551885.61887
-----------------------------------------------------------------------------
n = 40, p = 3, n - p - 1 = 36
Y: 国内生产总值(亿元)
-------------------------------Solve Result----------------------------------
Xi	| EstBeta	| T-Value	| F-Value	| X_name
-----------------------------------------------------------------------------
X0	| -3951.08589	| 0.00000	| 0.00000	| 1
X3	| 2.25865	| 20.46161	| 418.67760	| 财政收入(亿元)
X6	| 11.62945	| 21.02713	| 442.14031	| 城镇居民家庭人均可支配收入(元)
X16	| -0.00028	| 0.07593	| 0.00576	| 医疗卫生机构数(个)
-----------------------------------------------------------------------------
	Q:  820105318.04722
	U:  2252526896089.20898
	F:  32959.57502
	R2: 0.99964
	mean-Q:  20502632.95118
-----------------------------------------------------------------------------
Not Remove X3 财政收入(亿元) F_value:148.08984 > F_out:2.94
Not Remove X6 城镇居民家庭人均可支配收入(元) F_value:414.42290 > F_out:2.94

* Step [ 3 ]: Add X12: 社会消费品零售总额(亿元) Fi = 3.37328 >= 2.94
n = 40, p = 4, n - p - 1 = 35
Y: 国内生产总值(亿元)
-------------------------------Solve Result----------------------------------
Xi	| EstBeta	| T-Value	| F-Value	| X_name
-----------------------------------------------------------------------------
X0	| 15892.39625	| 0.00000	| 0.00000	| 1
X1	| -0.19286	| 0.91757	| 0.84193	| 年末总人口(万人)
X3	| 1.88607	| 8.56747	| 73.40151	| 财政收入(亿元)
X6	| 12.32075	| 9.09898	| 82.79147	| 城镇居民家庭人均可支配收入(元)
X12	| 0.13896	| 1.42146	| 2.02054	| 社会消费品零售总额(亿元)
-----------------------------------------------------------------------------
	Q:  732346673.33252
	U:  2252614654733.32275
	F:  26913.99981
	R2: 0.99967
	mean-Q:  18308666.83331
-----------------------------------------------------------------------------
n = 40, p = 4, n - p - 1 = 35
Y: 国内生产总值(亿元)
-------------------------------Solve Result----------------------------------
Xi	| EstBeta	| T-Value	| F-Value	| X_name
-----------------------------------------------------------------------------
X0	| -1871.56806	| 0.00000	| 0.00000	| 1
X2	| 0.28456	| 4.18235	| 17.49205	| 进出口总额(人民币)(亿元)
X3	| 1.05581	| 3.93888	| 15.51474	| 财政收入(亿元)
X6	| 6.43167	| 5.25299	| 27.59393	| 城镇居民家庭人均可支配收入(元)
X12	| 0.89013	| 4.72181	| 22.29553	| 社会消费品零售总额(亿元)
-----------------------------------------------------------------------------
	Q:  500051341.62896
	U:  2252846950064.24512
	F:  39420.77377
	R2: 0.99978
	mean-Q:  12501283.54072
-----------------------------------------------------------------------------
n = 40, p = 4, n - p - 1 = 35
Y: 国内生产总值(亿元)
-------------------------------Solve Result----------------------------------
Xi	| EstBeta	| T-Value	| F-Value	| X_name
-----------------------------------------------------------------------------
X0	| -4297.81856	| 0.00000	| 0.00000	| 1
X3	| 2.75054	| 7.91409	| 62.63281	| 财政收入(亿元)
X4	| -1.20533	| 2.35810	| 5.56062	| 财政支出(亿元)
X6	| 9.78152	| 12.39715	| 153.68942	| 城镇居民家庭人均可支配收入(元)
X12	| 0.63564	| 2.94191	| 8.65486	| 社会消费品零售总额(亿元)
-----------------------------------------------------------------------------
	Q:  647147825.21578
	U:  2252699853580.40479
	F:  30458.45625
	R2: 0.99971
	mean-Q:  16178695.63039
-----------------------------------------------------------------------------
n = 40, p = 4, n - p - 1 = 35
Y: 国内生产总值(亿元)
-------------------------------Solve Result----------------------------------
Xi	| EstBeta	| T-Value	| F-Value	| X_name
-----------------------------------------------------------------------------
X0	| -3767.70384	| 0.00000	| 0.00000	| 1
X3	| 1.99657	| 7.95868	| 63.34053	| 财政收入(亿元)
X5	| -2.36995	| 0.11781	| 0.01388	| 居民消费价格指数(1978=100)
X6	| 11.36393	| 7.04808	| 49.67539	| 城镇居民家庭人均可支配收入(元)
X12	| 0.16523	| 1.68148	| 2.82738	| 社会消费品零售总额(亿元)
-----------------------------------------------------------------------------
	Q:  749666078.10072
	U:  2252597335328.90234
	F:  26292.00822
	R2: 0.99967
	mean-Q:  18741651.95252
-----------------------------------------------------------------------------
n = 40, p = 4, n - p - 1 = 35
Y: 国内生产总值(亿元)
-------------------------------Solve Result----------------------------------
Xi	| EstBeta	| T-Value	| F-Value	| X_name
-----------------------------------------------------------------------------
X0	| -2400.35524	| 0.00000	| 0.00000	| 1
X3	| 1.69974	| 7.76136	| 60.23872	| 财政收入(亿元)
X6	| 12.53437	| 15.14866	| 229.48202	| 城镇居民家庭人均可支配收入(元)
X7	| -9.07704	| 2.10863	| 4.44634	| 农村居民家庭人均可支配收入(元)
X12	| 0.52160	| 2.76074	| 7.62169	| 社会消费品零售总额(亿元)
-----------------------------------------------------------------------------
	Q:  665428525.13012
	U:  2252681572883.37695
	F:  29621.45898
	R2: 0.99970
	mean-Q:  16635713.12825
-----------------------------------------------------------------------------
n = 40, p = 4, n - p - 1 = 35
Y: 国内生产总值(亿元)
-------------------------------Solve Result----------------------------------
Xi	| EstBeta	| T-Value	| F-Value	| X_name
-----------------------------------------------------------------------------
X0	| -3865.27353	| 0.00000	| 0.00000	| 1
X3	| 2.04043	| 11.41234	| 130.24156	| 财政收入(亿元)
X6	| 11.72093	| 7.33229	| 53.76240	| 城镇居民家庭人均可支配收入(元)
X8	| -0.12005	| 0.35716	| 0.12756	| 农林牧渔业总产值(亿元)
X12	| 0.14408	| 1.24054	| 1.53894	| 社会消费品零售总额(亿元)
-----------------------------------------------------------------------------
	Q:  747239977.28314
	U:  2252599761430.65625
	F:  26377.40018
	R2: 0.99967
	mean-Q:  18680999.43208
-----------------------------------------------------------------------------
n = 40, p = 4, n - p - 1 = 35
Y: 国内生产总值(亿元)
-------------------------------Solve Result----------------------------------
Xi	| EstBeta	| T-Value	| F-Value	| X_name
-----------------------------------------------------------------------------
X0	| -7723.41501	| 0.00000	| 0.00000	| 1
X3	| 1.98269	| 11.87785	| 141.08336	| 财政收入(亿元)
X6	| 11.40285	| 19.95739	| 398.29738	| 城镇居民家庭人均可支配收入(元)
X9	| 0.00892	| 1.26473	| 1.59954	| 工业企业单位数(个)
X12	| 0.16506	| 1.80896	| 3.27235	| 社会消费品零售总额(亿元)
-----------------------------------------------------------------------------
	Q:  717187000.34564
	U:  2252629814406.79736
	F:  27483.08442
	R2: 0.99968
	mean-Q:  17929675.00864
-----------------------------------------------------------------------------
n = 40, p = 4, n - p - 1 = 35
Y: 国内生产总值(亿元)
-------------------------------Solve Result----------------------------------
Xi	| EstBeta	| T-Value	| F-Value	| X_name
-----------------------------------------------------------------------------
X0	| -6533.62276	| 0.00000	| 0.00000	| 1
X3	| 1.80525	| 10.20713	| 104.18550	| 财政收入(亿元)
X6	| 8.76654	| 8.00523	| 64.08377	| 城镇居民家庭人均可支配收入(元)
X10	| 0.00587	| 2.50077	| 6.25384	| 旅客运输量(万人)
X12	| 0.49044	| 3.17160	| 10.05906	| 社会消费品零售总额(亿元)
-----------------------------------------------------------------------------
	Q:  636273373.56310
	U:  2252710728034.19824
	F:  30979.16664
	R2: 0.99972
	mean-Q:  15906834.33908
-----------------------------------------------------------------------------
n = 40, p = 4, n - p - 1 = 35
Y: 国内生产总值(亿元)
-------------------------------Solve Result----------------------------------
Xi	| EstBeta	| T-Value	| F-Value	| X_name
-----------------------------------------------------------------------------
X0	| -6137.26398	| 0.00000	| 0.00000	| 1
X3	| 1.96368	| 11.33092	| 128.38971	| 财政收入(亿元)
X6	| 10.49733	| 12.41097	| 154.03216	| 城镇居民家庭人均可支配收入(元)
X11	| 0.00387	| 1.06894	| 1.14263	| 货物运输量(万吨)
X12	| 0.21849	| 2.12462	| 4.51399	| 社会消费品零售总额(亿元)
-----------------------------------------------------------------------------
	Q:  726253760.23293
	U:  2252620747646.94775
	F:  27139.86849
	R2: 0.99968
	mean-Q:  18156344.00582
-----------------------------------------------------------------------------
n = 40, p = 4, n - p - 1 = 35
Y: 国内生产总值(亿元)
-------------------------------Solve Result----------------------------------
Xi	| EstBeta	| T-Value	| F-Value	| X_name
-----------------------------------------------------------------------------
X0	| -3770.02479	| 0.00000	| 0.00000	| 1
X3	| 1.97474	| 10.24559	| 104.97219	| 财政收入(亿元)
X6	| 12.26924	| 5.07742	| 25.78020	| 城镇居民家庭人均可支配收入(元)
X12	| 0.09986	| 0.56635	| 0.32075	| 社会消费品零售总额(亿元)
X13	| -0.49886	| 0.46076	| 0.21230	| 入境游客(万人次)
-----------------------------------------------------------------------------
	Q:  745441792.49896
	U:  2252601559615.35938
	F:  26441.04992
	R2: 0.99967
	mean-Q:  18636044.81247
-----------------------------------------------------------------------------
n = 40, p = 4, n - p - 1 = 35
Y: 国内生产总值(亿元)
-------------------------------Solve Result----------------------------------
Xi	| EstBeta	| T-Value	| F-Value	| X_name
-----------------------------------------------------------------------------
X0	| -3773.97971	| 0.00000	| 0.00000	| 1
X3	| 1.94161	| 8.49603	| 72.18250	| 财政收入(亿元)
X6	| 9.99114	| 4.03499	| 16.28112	| 城镇居民家庭人均可支配收入(元)
X12	| 0.24591	| 1.35687	| 1.84110	| 社会消费品零售总额(亿元)
X14	| 0.39471	| 0.49503	| 0.24505	| 流通中现金(M0)供应量(亿元)
-----------------------------------------------------------------------------
	Q:  744748952.23394
	U:  2252602252452.73047
	F:  26465.65618
	R2: 0.99967
	mean-Q:  18618723.80585
-----------------------------------------------------------------------------
n = 40, p = 4, n - p - 1 = 35
Y: 国内生产总值(亿元)
-------------------------------Solve Result----------------------------------
Xi	| EstBeta	| T-Value	| F-Value	| X_name
-----------------------------------------------------------------------------
X0	| -3994.04475	| 0.00000	| 0.00000	| 1
X3	| 2.01963	| 10.55500	| 111.40797	| 财政收入(亿元)
X6	| 11.19616	| 11.05706	| 122.25863	| 城镇居民家庭人均可支配收入(元)
X12	| 0.16764	| 1.22425	| 1.49880	| 社会消费品零售总额(亿元)
X15	| -0.06838	| 0.01240	| 0.00015	| 普通高等学校学校数(所)
-----------------------------------------------------------------------------
	Q:  749960064.04389
	U:  2252597041343.13428
	F:  26281.69826
	R2: 0.99967
	mean-Q:  18749001.60110
-----------------------------------------------------------------------------
n = 40, p = 4, n - p - 1 = 35
Y: 国内生产总值(亿元)
-------------------------------Solve Result----------------------------------
Xi	| EstBeta	| T-Value	| F-Value	| X_name
-----------------------------------------------------------------------------
X0	| -3186.73711	| 0.00000	| 0.00000	| 1
X3	| 2.00324	| 11.42061	| 130.43035	| 财政收入(亿元)
X6	| 11.23251	| 19.44552	| 378.12840	| 城镇居民家庭人均可支配收入(元)
X12	| 0.17237	| 1.83674	| 3.37363	| 社会消费品零售总额(亿元)
X16	| -0.00111	| 0.30267	| 0.09161	| 医疗卫生机构数(个)
-----------------------------------------------------------------------------
	Q:  748005565.31033
	U:  2252598995841.70361
	F:  26350.39380
	R2: 0.99967
	mean-Q:  18700139.13276
-----------------------------------------------------------------------------
Not Remove X3 财政收入(亿元) F_value:15.51474 > F_out:2.94
Not Remove X6 城镇居民家庭人均可支配收入(元) F_value:27.59393 > F_out:2.94
Not Remove X12 社会消费品零售总额(亿元) F_value:22.29553 > F_out:2.94

* Step [ 4 ]: Add X2: 进出口总额(人民币)(亿元) Fi = 17.49205 >= 2.94
n = 40, p = 5, n - p - 1 = 34
Y: 国内生产总值(亿元)
-------------------------------Solve Result----------------------------------
Xi	| EstBeta	| T-Value	| F-Value	| X_name
-----------------------------------------------------------------------------
X0	| 1388.96989	| 0.00000	| 0.00000	| 1
X1	| -0.03174	| 0.17563	| 0.03085	| 年末总人口(万人)
X2	| 0.28177	| 3.97990	| 15.83964	| 进出口总额(人民币)(亿元)
X3	| 1.04344	| 3.71571	| 13.80649	| 财政收入(亿元)
X6	| 6.66501	| 3.66505	| 13.43260	| 城镇居民家庭人均可支配收入(元)
X12	| 0.87815	| 4.32596	| 18.71393	| 社会消费品零售总额(亿元)
-----------------------------------------------------------------------------
	Q:  499598093.32028
	U:  2252847403313.95508
	F:  30663.37231
	R2: 0.99978
	mean-Q:  12489952.33301
-----------------------------------------------------------------------------
n = 40, p = 5, n - p - 1 = 34
Y: 国内生产总值(亿元)
-------------------------------Solve Result----------------------------------
Xi	| EstBeta	| T-Value	| F-Value	| X_name
-----------------------------------------------------------------------------
X0	| -2224.78212	| 0.00000	| 0.00000	| 1
X2	| 0.25228	| 3.37639	| 11.40004	| 进出口总额(人民币)(亿元)
X3	| 1.47655	| 3.04268	| 9.25792	| 财政收入(亿元)
X4	| -0.51294	| 1.03953	| 1.08062	| 财政支出(亿元)
X6	| 6.37342	| 5.20595	| 27.10189	| 城镇居民家庭人均可支配收入(元)
X12	| 1.00694	| 4.59209	| 21.08731	| 社会消费品零售总额(亿元)
-----------------------------------------------------------------------------
	Q:  484647764.89780
	U:  2252862353644.89600
	F:  31609.48036
	R2: 0.99978
	mean-Q:  12116194.12245
-----------------------------------------------------------------------------
n = 40, p = 5, n - p - 1 = 34
Y: 国内生产总值(亿元)
-------------------------------Solve Result----------------------------------
Xi	| EstBeta	| T-Value	| F-Value	| X_name
-----------------------------------------------------------------------------
X0	| -4481.98064	| 0.00000	| 0.00000	| 1
X2	| 0.31943	| 4.46618	| 19.94680	| 进出口总额(人民币)(亿元)
X3	| 1.16295	| 4.22765	| 17.87305	| 财政收入(亿元)
X5	| 24.32850	| 1.40863	| 1.98425	| 居民消费价格指数(1978=100)
X6	| 4.01928	| 1.91808	| 3.67902	| 城镇居民家庭人均可支配收入(元)
X12	| 1.01604	| 4.92533	| 24.25888	| 社会消费品零售总额(亿元)
-----------------------------------------------------------------------------
	Q:  472477445.60654
	U:  2252874523959.02637
	F:  32423.86892
	R2: 0.99979
	mean-Q:  11811936.14016
-----------------------------------------------------------------------------
n = 40, p = 5, n - p - 1 = 34
Y: 国内生产总值(亿元)
-------------------------------Solve Result----------------------------------
Xi	| EstBeta	| T-Value	| F-Value	| X_name
-----------------------------------------------------------------------------
X0	| -810.09955	| 0.00000	| 0.00000	| 1
X2	| 0.26450	| 3.96079	| 15.68789	| 进出口总额(人民币)(亿元)
X3	| 0.88863	| 3.22933	| 10.42859	| 财政收入(亿元)
X6	| 7.76116	| 5.58003	| 31.13672	| 城镇居民家庭人均可支配收入(元)
X7	| -6.69285	| 1.82732	| 3.33909	| 农村居民家庭人均可支配收入(元)
X12	| 1.09937	| 5.10242	| 26.03472	| 社会消费品零售总额(亿元)
-----------------------------------------------------------------------------
	Q:  455333692.93211
	U:  2252891667710.65723
	F:  33644.91488
	R2: 0.99980
	mean-Q:  11383342.32330
-----------------------------------------------------------------------------
n = 40, p = 5, n - p - 1 = 34
Y: 国内生产总值(亿元)
-------------------------------Solve Result----------------------------------
Xi	| EstBeta	| T-Value	| F-Value	| X_name
-----------------------------------------------------------------------------
X0	| -2115.27216	| 0.00000	| 0.00000	| 1
X2	| 0.30443	| 4.24370	| 18.00902	| 进出口总额(人民币)(亿元)
X3	| 0.94108	| 3.16123	| 9.99338	| 财政收入(亿元)
X6	| 4.94036	| 2.39009	| 5.71253	| 城镇居民家庭人均可支配收入(元)
X8	| 0.26001	| 0.89684	| 0.80432	| 农林牧渔业总产值(亿元)
X12	| 0.99423	| 4.48185	| 20.08697	| 社会消费品零售总额(亿元)
-----------------------------------------------------------------------------
	Q:  488495210.48662
	U:  2252858506198.97070
	F:  31360.46682
	R2: 0.99978
	mean-Q:  12212380.26217
-----------------------------------------------------------------------------
n = 40, p = 5, n - p - 1 = 34
Y: 国内生产总值(亿元)
-------------------------------Solve Result----------------------------------
Xi	| EstBeta	| T-Value	| F-Value	| X_name
-----------------------------------------------------------------------------
X0	| -4710.98224	| 0.00000	| 0.00000	| 1
X2	| 0.27754	| 4.08113	| 16.65565	| 进出口总额(人民币)(亿元)
X3	| 1.05243	| 3.94386	| 15.55400	| 财政收入(亿元)
X6	| 6.71355	| 5.39978	| 29.15758	| 城镇居民家庭人均可支配收入(元)
X9	| 0.00676	| 1.14854	| 1.31914	| 工业企业单位数(个)
X12	| 0.86944	| 4.61183	| 21.26895	| 社会消费品零售总额(亿元)
-----------------------------------------------------------------------------
	Q:  481374891.73092
	U:  2252865626517.10303
	F:  31824.43979
	R2: 0.99979
	mean-Q:  12034372.29327
-----------------------------------------------------------------------------
n = 40, p = 5, n - p - 1 = 34
Y: 国内生产总值(亿元)
-------------------------------Solve Result----------------------------------
Xi	| EstBeta	| T-Value	| F-Value	| X_name
-----------------------------------------------------------------------------
X0	| -4840.96284	| 0.00000	| 0.00000	| 1
X2	| 0.33755	| 6.18990	| 38.31490	| 进出口总额(人民币)(亿元)
X3	| 0.58701	| 2.52903	| 6.39597	| 财政收入(亿元)
X6	| 2.26188	| 1.74263	| 3.03677	| 城镇居民家庭人均可支配收入(元)
X10	| 0.00797	| 4.77836	| 22.83274	| 旅客运输量(万人)
X12	| 1.46102	| 7.68324	| 59.03211	| 社会消费品零售总额(亿元)
-----------------------------------------------------------------------------
	Q:  299154048.14432
	U:  2253047847357.80957
	F:  51213.49839
	R2: 0.99987
	mean-Q:  7478851.20361
-----------------------------------------------------------------------------
n = 40, p = 5, n - p - 1 = 34
Y: 国内生产总值(亿元)
-------------------------------Solve Result----------------------------------
Xi	| EstBeta	| T-Value	| F-Value	| X_name
-----------------------------------------------------------------------------
X0	| -4432.92609	| 0.00000	| 0.00000	| 1
X2	| 0.29302	| 4.39924	| 19.35329	| 进出口总额(人民币)(亿元)
X3	| 0.95827	| 3.57288	| 12.76548	| 财政收入(亿元)
X6	| 5.42500	| 4.04500	| 16.36199	| 城镇居民家庭人均可支配收入(元)
X11	| 0.00486	| 1.65397	| 2.73562	| 货物运输量(万吨)
X12	| 0.97394	| 5.10298	| 26.04042	| 社会消费品零售总额(亿元)
-----------------------------------------------------------------------------
	Q:  462813588.12413
	U:  2252884187817.18115
	F:  33101.04299
	R2: 0.99979
	mean-Q:  11570339.70310
-----------------------------------------------------------------------------
n = 40, p = 5, n - p - 1 = 34
Y: 国内生产总值(亿元)
-------------------------------Solve Result----------------------------------
Xi	| EstBeta	| T-Value	| F-Value	| X_name
-----------------------------------------------------------------------------
X0	| -976.76919	| 0.00000	| 0.00000	| 1
X2	| 0.30543	| 4.46685	| 19.95277	| 进出口总额(人民币)(亿元)
X3	| 0.86946	| 2.97654	| 8.85978	| 财政收入(亿元)
X6	| 8.94899	| 4.29543	| 18.45074	| 城镇居民家庭人均可支配收入(元)
X12	| 0.76045	| 3.70890	| 13.75593	| 社会消费品零售总额(亿元)
X13	| -1.31948	| 1.48060	| 2.19217	| 入境游客(万人次)
-----------------------------------------------------------------------------
	Q:  469763128.31733
	U:  2252877238275.94580
	F:  32611.25511
	R2: 0.99979
	mean-Q:  11744078.20793
-----------------------------------------------------------------------------
n = 40, p = 5, n - p - 1 = 34
Y: 国内生产总值(亿元)
-------------------------------Solve Result----------------------------------
Xi	| EstBeta	| T-Value	| F-Value	| X_name
-----------------------------------------------------------------------------
X0	| -1374.64287	| 0.00000	| 0.00000	| 1
X2	| 0.29069	| 4.25334	| 18.09093	| 进出口总额(人民币)(亿元)
X3	| 0.90878	| 2.96324	| 8.78078	| 财政收入(亿元)
X6	| 4.36728	| 1.80290	| 3.25044	| 城镇居民家庭人均可支配收入(元)
X12	| 1.03218	| 4.35236	| 18.94307	| 社会消费品零售总额(亿元)
X14	| 0.64829	| 0.98779	| 0.97573	| 流通中现金(M0)供应量(亿元)
-----------------------------------------------------------------------------
	Q:  486101211.27064
	U:  2252860900195.28955
	F:  31514.94744
	R2: 0.99978
	mean-Q:  12152530.28177
-----------------------------------------------------------------------------
n = 40, p = 5, n - p - 1 = 34
Y: 国内生产总值(亿元)
-------------------------------Solve Result----------------------------------
Xi	| EstBeta	| T-Value	| F-Value	| X_name
-----------------------------------------------------------------------------
X0	| 1134.11223	| 0.00000	| 0.00000	| 1
X2	| 0.29501	| 4.23845	| 17.96448	| 进出口总额(人民币)(亿元)
X3	| 1.08179	| 3.98697	| 15.89597	| 财政收入(亿元)
X6	| 6.82574	| 5.15414	| 26.56511	| 城镇居民家庭人均可支配收入(元)
X12	| 0.84918	| 4.32861	| 18.73688	| 社会消费品零售总额(亿元)
X15	| -3.70943	| 0.80523	| 0.64839	| 普通高等学校学校数(所)
-----------------------------------------------------------------------------
	Q:  490693691.84304
	U:  2252856307716.67041
	F:  31219.93037
	R2: 0.99978
	mean-Q:  12267342.29608
-----------------------------------------------------------------------------
n = 40, p = 5, n - p - 1 = 34
Y: 国内生产总值(亿元)
-------------------------------Solve Result----------------------------------
Xi	| EstBeta	| T-Value	| F-Value	| X_name
-----------------------------------------------------------------------------
X0	| -2510.16986	| 0.00000	| 0.00000	| 1
X2	| 0.28755	| 4.11996	| 16.97407	| 进出口总额(人民币)(亿元)
X3	| 1.05740	| 3.89156	| 15.14423	| 财政收入(亿元)
X6	| 6.34564	| 4.96111	| 24.61260	| 城镇居民家庭人均可支配收入(元)
X12	| 0.89506	| 4.66478	| 21.76017	| 社会消费品零售总额(亿元)
X16	| 0.00085	| 0.27717	| 0.07682	| 医疗卫生机构数(个)
-----------------------------------------------------------------------------
	Q:  498924000.27233
	U:  2252848077407.67822
	F:  30704.81059
	R2: 0.99978
	mean-Q:  12473100.00681
-----------------------------------------------------------------------------
Not Remove X2 进出口总额(人民币)(亿元) F_value:38.31490 > F_out:2.94
Not Remove X3 财政收入(亿元) F_value:6.39597 > F_out:2.94
Not Remove X6 城镇居民家庭人均可支配收入(元) F_value:3.03677 > F_out:2.94
Not Remove X12 社会消费品零售总额(亿元) F_value:59.03211 > F_out:2.94

* Step [ 5 ]: Add X10: 旅客运输量(万人) Fi = 22.83274 >= 2.94
n = 40, p = 6, n - p - 1 = 33
Y: 国内生产总值(亿元)
-------------------------------Solve Result----------------------------------
Xi	| EstBeta	| T-Value	| F-Value	| X_name
-----------------------------------------------------------------------------
X0	| 19587.60055	| 0.00000	| 0.00000	| 1
X1	| -0.24077	| 1.69575	| 2.87557	| 年末总人口(万人)
X2	| 0.32184	| 5.97220	| 35.66717	| 进出口总额(人民币)(亿元)
X3	| 0.44523	| 1.84794	| 3.41489	| 财政收入(亿元)
X6	| 3.60555	| 2.41744	| 5.84401	| 城镇居民家庭人均可支配收入(元)
X10	| 0.00878	| 5.18782	| 26.91349	| 旅客运输量(万人)
X12	| 1.42848	| 7.67538	| 58.91150	| 社会消费品零售总额(亿元)
-----------------------------------------------------------------------------
	Q:  275175695.40561
	U:  2253071825710.62891
	F:  45032.66549
	R2: 0.99988
	mean-Q:  6879392.38514
-----------------------------------------------------------------------------
n = 40, p = 6, n - p - 1 = 33
Y: 国内生产总值(亿元)
-------------------------------Solve Result----------------------------------
Xi	| EstBeta	| T-Value	| F-Value	| X_name
-----------------------------------------------------------------------------
X0	| -5258.95547	| 0.00000	| 0.00000	| 1
X2	| 0.30228	| 5.16112	| 26.63713	| 进出口总额(人民币)(亿元)
X3	| 1.04870	| 2.72664	| 7.43457	| 财政收入(亿元)
X4	| -0.56803	| 1.49071	| 2.22220	| 财政支出(亿元)
X6	| 2.15968	| 1.69110	| 2.85981	| 城镇居民家庭人均可支配收入(元)
X10	| 0.00804	| 4.90532	| 24.06212	| 旅客运输量(万人)
X12	| 1.59554	| 7.69011	| 59.13785	| 社会消费品零售总额(亿元)
-----------------------------------------------------------------------------
	Q:  280280113.09949
	U:  2253066721296.18896
	F:  44212.43744
	R2: 0.99988
	mean-Q:  7007002.82749
-----------------------------------------------------------------------------
n = 40, p = 6, n - p - 1 = 33
Y: 国内生产总值(亿元)
-------------------------------Solve Result----------------------------------
Xi	| EstBeta	| T-Value	| F-Value	| X_name
-----------------------------------------------------------------------------
X0	| -5766.11198	| 0.00000	| 0.00000	| 1
X2	| 0.34946	| 6.04900	| 36.59036	| 进出口总额(人民币)(亿元)
X3	| 0.64500	| 2.58563	| 6.68551	| 财政收入(亿元)
X5	| 9.56005	| 0.67104	| 0.45030	| 居民消费价格指数(1978=100)
X6	| 1.45522	| 0.81896	| 0.67070	| 城镇居民家庭人均可支配收入(元)
X10	| 0.00770	| 4.45316	| 19.83067	| 旅客运输量(万人)
X12	| 1.49115	| 7.57312	| 57.35209	| 社会消费品零售总额(亿元)
-----------------------------------------------------------------------------
	Q:  295126948.09884
	U:  2253051874460.85596
	F:  41987.98310
	R2: 0.99987
	mean-Q:  7378173.70247
-----------------------------------------------------------------------------
n = 40, p = 6, n - p - 1 = 33
Y: 国内生产总值(亿元)
-------------------------------Solve Result----------------------------------
Xi	| EstBeta	| T-Value	| F-Value	| X_name
-----------------------------------------------------------------------------
X0	| -4905.83328	| 0.00000	| 0.00000	| 1
X2	| 0.33875	| 5.86315	| 34.37656	| 进出口总额(人民币)(亿元)
X3	| 0.58924	| 2.48008	| 6.15081	| 财政收入(亿元)
X6	| 2.17678	| 1.23264	| 1.51940	| 城镇居民家庭人均可支配收入(元)
X7	| 0.24934	| 0.07236	| 0.00524	| 农村居民家庭人均可支配收入(元)
X10	| 0.00803	| 4.15166	| 17.23631	| 旅客运输量(万人)
X12	| 1.45809	| 7.39424	| 54.67483	| 社会消费品零售总额(亿元)
-----------------------------------------------------------------------------
	Q:  299106596.03151
	U:  2253047894809.14941
	F:  41429.25494
	R2: 0.99987
	mean-Q:  7477664.90079
-----------------------------------------------------------------------------
n = 40, p = 6, n - p - 1 = 33
Y: 国内生产总值(亿元)
-------------------------------Solve Result----------------------------------
Xi	| EstBeta	| T-Value	| F-Value	| X_name
-----------------------------------------------------------------------------
X0	| -4893.04677	| 0.00000	| 0.00000	| 1
X2	| 0.34440	| 5.99107	| 35.89289	| 进出口总额(人民币)(亿元)
X3	| 0.54970	| 2.19284	| 4.80857	| 财政收入(亿元)
X6	| 1.75050	| 0.98453	| 0.96929	| 城镇居民家庭人均可支配收入(元)
X8	| 0.09917	| 0.42688	| 0.18222	| 农林牧渔业总产值(亿元)
X10	| 0.00786	| 4.60261	| 21.18398	| 旅客运输量(万人)
X12	| 1.49287	| 7.23157	| 52.29554	| 社会消费品零售总额(亿元)
-----------------------------------------------------------------------------
	Q:  297511208.37164
	U:  2253049490197.75000
	F:  41651.44656
	R2: 0.99987
	mean-Q:  7437780.20929
-----------------------------------------------------------------------------
n = 40, p = 6, n - p - 1 = 33
Y: 国内生产总值(亿元)
-------------------------------Solve Result----------------------------------
Xi	| EstBeta	| T-Value	| F-Value	| X_name
-----------------------------------------------------------------------------
X0	| -5599.12790	| 0.00000	| 0.00000	| 1
X2	| 0.33451	| 6.00210	| 36.02524	| 进出口总额(人民币)(亿元)
X3	| 0.59514	| 2.52300	| 6.36553	| 财政收入(亿元)
X6	| 2.42382	| 1.76371	| 3.11067	| 城镇居民家庭人均可支配收入(元)
X9	| 0.00194	| 0.40313	| 0.16252	| 工业企业单位数(个)
X10	| 0.00781	| 4.51248	| 20.36248	| 旅客运输量(万人)
X12	| 1.44399	| 7.32539	| 53.66137	| 社会消费品零售总额(亿元)
-----------------------------------------------------------------------------
	Q:  297688006.44811
	U:  2253049313403.39453
	F:  41626.70633
	R2: 0.99987
	mean-Q:  7442200.16120
-----------------------------------------------------------------------------
n = 40, p = 6, n - p - 1 = 33
Y: 国内生产总值(亿元)
-------------------------------Solve Result----------------------------------
Xi	| EstBeta	| T-Value	| F-Value	| X_name
-----------------------------------------------------------------------------
X0	| -3819.62911	| 0.00000	| 0.00000	| 1
X2	| 0.34036	| 6.22092	| 38.69987	| 进出口总额(人民币)(亿元)
X3	| 0.57492	| 2.46874	| 6.09467	| 财政收入(亿元)
X6	| 2.23294	| 1.71678	| 2.94732	| 城镇居民家庭人均可支配收入(元)
X10	| 0.00911	| 4.40595	| 19.41240	| 旅客运输量(万人)
X11	| -0.00275	| 0.93723	| 0.87840	| 货物运输量(万吨)
X12	| 1.49550	| 7.70806	| 59.41426	| 社会消费品零售总额(亿元)
-----------------------------------------------------------------------------
	Q:  291397616.71191
	U:  2253055603788.96045
	F:  42525.41926
	R2: 0.99987
	mean-Q:  7284940.41780
-----------------------------------------------------------------------------
n = 40, p = 6, n - p - 1 = 33
Y: 国内生产总值(亿元)
-------------------------------Solve Result----------------------------------
Xi	| EstBeta	| T-Value	| F-Value	| X_name
-----------------------------------------------------------------------------
X0	| -3829.84831	| 0.00000	| 0.00000	| 1
X2	| 0.36947	| 7.19025	| 51.69964	| 进出口总额(人民币)(亿元)
X3	| 0.30225	| 1.27383	| 1.62264	| 财政收入(亿元)
X6	| 5.39192	| 3.25624	| 10.60308	| 城镇居民家庭人均可支配收入(元)
X10	| 0.00851	| 5.51717	| 30.43922	| 旅客运输量(万人)
X12	| 1.32407	| 7.29244	| 53.17969	| 社会消费品零售总额(亿元)
X13	| -1.78977	| 2.72016	| 7.39929	| 入境游客(万人次)
-----------------------------------------------------------------------------
	Q:  244362782.16739
	U:  2253102638624.74414
	F:  50711.75079
	R2: 0.99989
	mean-Q:  6109069.55418
-----------------------------------------------------------------------------
n = 40, p = 6, n - p - 1 = 33
Y: 国内生产总值(亿元)
-------------------------------Solve Result----------------------------------
Xi	| EstBeta	| T-Value	| F-Value	| X_name
-----------------------------------------------------------------------------
X0	| -5060.72382	| 0.00000	| 0.00000	| 1
X2	| 0.33711	| 6.09937	| 37.20237	| 进出口总额(人民币)(亿元)
X3	| 0.61782	| 2.45181	| 6.01136	| 财政收入(亿元)
X6	| 2.75576	| 1.40770	| 1.98161	| 城镇居民家庭人均可支配收入(元)
X10	| 0.00817	| 4.56189	| 20.81084	| 旅客运输量(万人)
X12	| 1.43425	| 6.89222	| 47.50274	| 社会消费品零售总额(亿元)
X14	| -0.18834	| 0.34060	| 0.11601	| 流通中现金(M0)供应量(亿元)
-----------------------------------------------------------------------------
	Q:  298106114.17504
	U:  2253048895293.93018
	F:  41568.31522
	R2: 0.99987
	mean-Q:  7452652.85438
-----------------------------------------------------------------------------
n = 40, p = 6, n - p - 1 = 33
Y: 国内生产总值(亿元)
-------------------------------Solve Result----------------------------------
Xi	| EstBeta	| T-Value	| F-Value	| X_name
-----------------------------------------------------------------------------
X0	| 1881.71254	| 0.00000	| 0.00000	| 1
X2	| 0.36936	| 7.08252	| 50.16205	| 进出口总额(人民币)(亿元)
X3	| 0.58608	| 2.71991	| 7.39791	| 财政收入(亿元)
X6	| 2.63976	| 2.17424	| 4.72731	| 城镇居民家庭人均可支配收入(元)
X10	| 0.00903	| 5.63123	| 31.71074	| 旅客运输量(万人)
X12	| 1.44006	| 8.14866	| 66.40073	| 社会消费品零售总额(亿元)
X15	| -8.78483	| 2.53993	| 6.45125	| 普通高等学校学校数(所)
-----------------------------------------------------------------------------
	Q:  250234999.68368
	U:  2253096766407.81006
	F:  49521.57864
	R2: 0.99989
	mean-Q:  6255874.99209
-----------------------------------------------------------------------------
n = 40, p = 6, n - p - 1 = 33
Y: 国内生产总值(亿元)
-------------------------------Solve Result----------------------------------
Xi	| EstBeta	| T-Value	| F-Value	| X_name
-----------------------------------------------------------------------------
X0	| -2704.90406	| 0.00000	| 0.00000	| 1
X2	| 0.33115	| 6.10558	| 37.27806	| 进出口总额(人民币)(亿元)
X3	| 0.53761	| 2.30682	| 5.32141	| 财政收入(亿元)
X6	| 2.20053	| 1.71063	| 2.92625	| 城镇居民家庭人均可支配收入(元)
X10	| 0.00870	| 4.98089	| 24.80923	| 旅客运输量(万人)
X12	| 1.49530	| 7.86177	| 61.80742	| 社会消费品零售总额(亿元)
X16	| -0.00321	| 1.28931	| 1.66232	| 医疗卫生机构数(个)
-----------------------------------------------------------------------------
	Q:  284807339.31882
	U:  2253062194068.20605
	F:  43509.56017
	R2: 0.99987
	mean-Q:  7120183.48297
-----------------------------------------------------------------------------
Not Remove X2 进出口总额(人民币)(亿元) F_value:51.69964 > F_out:2.94
Remove     X3 财政收入(亿元) F_value:1.62264 <= F_out:2.94
Not Remove X6 城镇居民家庭人均可支配收入(元) F_value:10.60308 > F_out:2.94
Not Remove X10 旅客运输量(万人) F_value:30.43922 > F_out:2.94
Not Remove X12 社会消费品零售总额(亿元) F_value:53.17969 > F_out:2.94

* Step [ 6 ]: Add X13: 入境游客(万人次) Fi = 7.39929 >= 2.94
n = 40, p = 6, n - p - 1 = 33
Y: 国内生产总值(亿元)
-------------------------------Solve Result----------------------------------
Xi	| EstBeta	| T-Value	| F-Value	| X_name
-----------------------------------------------------------------------------
X0	| 7642.55276	| 0.00000	| 0.00000	| 1
X1	| -0.11351	| 0.74331	| 0.55251	| 年末总人口(万人)
X2	| 0.40792	| 11.32964	| 128.36072	| 进出口总额(人民币)(亿元)
X6	| 5.16692	| 3.09422	| 9.57418	| 城镇居民家庭人均可支配收入(元)
X10	| 0.00959	| 6.63221	| 43.98616	| 旅客运输量(万人)
X12	| 1.47418	| 10.92667	| 119.39218	| 社会消费品零售总额(亿元)
X13	| -1.86542	| 2.59599	| 6.73917	| 入境游客(万人次)
-----------------------------------------------------------------------------
	Q:  252156564.87866
	U:  2253094844841.77979
	F:  49144.15634
	R2: 0.99989
	mean-Q:  6303914.12197
-----------------------------------------------------------------------------
n = 40, p = 6, n - p - 1 = 33
Y: 国内生产总值(亿元)
-------------------------------Solve Result----------------------------------
Xi	| EstBeta	| T-Value	| F-Value	| X_name
-----------------------------------------------------------------------------
X0	| -3829.84831	| 0.00000	| 0.00000	| 1
X2	| 0.36947	| 7.19025	| 51.69964	| 进出口总额(人民币)(亿元)
X3	| 0.30225	| 1.27383	| 1.62264	| 财政收入(亿元)
X6	| 5.39192	| 3.25624	| 10.60308	| 城镇居民家庭人均可支配收入(元)
X10	| 0.00851	| 5.51717	| 30.43922	| 旅客运输量(万人)
X12	| 1.32407	| 7.29244	| 53.17969	| 社会消费品零售总额(亿元)
X13	| -1.78977	| 2.72016	| 7.39929	| 入境游客(万人次)
-----------------------------------------------------------------------------
	Q:  244362782.16739
	U:  2253102638624.74414
	F:  50711.75079
	R2: 0.99989
	mean-Q:  6109069.55418
-----------------------------------------------------------------------------
n = 40, p = 6, n - p - 1 = 33
Y: 国内生产总值(亿元)
-------------------------------Solve Result----------------------------------
Xi	| EstBeta	| T-Value	| F-Value	| X_name
-----------------------------------------------------------------------------
X0	| -3632.93345	| 0.00000	| 0.00000	| 1
X2	| 0.41366	| 11.89343	| 141.45364	| 进出口总额(人民币)(亿元)
X4	| 0.11848	| 0.53952	| 0.29108	| 财政支出(亿元)
X6	| 5.24397	| 3.02230	| 9.13428	| 城镇居民家庭人均可支配收入(元)
X10	| 0.00907	| 5.96528	| 35.58462	| 旅客运输量(万人)
X12	| 1.39371	| 6.55310	| 42.94308	| 社会消费品零售总额(亿元)
X13	| -2.09298	| 3.40502	| 11.59413	| 入境游客(万人次)
-----------------------------------------------------------------------------
	Q:  254136707.07692
	U:  2253092864700.51660
	F:  48761.19982
	R2: 0.99989
	mean-Q:  6353417.67692
-----------------------------------------------------------------------------
n = 40, p = 6, n - p - 1 = 33
Y: 国内生产总值(亿元)
-------------------------------Solve Result----------------------------------
Xi	| EstBeta	| T-Value	| F-Value	| X_name
-----------------------------------------------------------------------------
X0	| -3546.96262	| 0.00000	| 0.00000	| 1
X2	| 0.42038	| 10.12010	| 102.41634	| 进出口总额(人民币)(亿元)
X5	| -1.72227	| 0.13823	| 0.01911	| 居民消费价格指数(1978=100)
X6	| 5.14376	| 2.41361	| 5.82553	| 城镇居民家庭人均可支配收入(元)
X10	| 0.00938	| 6.56285	| 43.07097	| 旅客运输量(万人)
X12	| 1.46950	| 8.93315	| 79.80113	| 社会消费品零售总额(亿元)
X13	| -2.15677	| 3.56510	| 12.70996	| 入境游客(万人次)
-----------------------------------------------------------------------------
	Q:  256229976.59988
	U:  2253090771433.28223
	F:  48362.80051
	R2: 0.99989
	mean-Q:  6405749.41500
-----------------------------------------------------------------------------
n = 40, p = 6, n - p - 1 = 33
Y: 国内生产总值(亿元)
-------------------------------Solve Result----------------------------------
Xi	| EstBeta	| T-Value	| F-Value	| X_name
-----------------------------------------------------------------------------
X0	| -3647.01271	| 0.00000	| 0.00000	| 1
X2	| 0.42283	| 12.07780	| 145.87333	| 进出口总额(人民币)(亿元)
X6	| 5.05440	| 2.51811	| 6.34090	| 城镇居民家庭人均可支配收入(元)
X7	| -0.26790	| 0.08458	| 0.00715	| 农村居民家庭人均可支配收入(元)
X10	| 0.00928	| 5.43424	| 29.53096	| 旅客运输量(万人)
X12	| 1.48422	| 10.80969	| 116.84939	| 社会消费品零售总额(亿元)
X13	| -2.15687	| 3.56169	| 12.68563	| 入境游客(万人次)
-----------------------------------------------------------------------------
	Q:  256322770.15025
	U:  2253090678637.07178
	F:  48345.29030
	R2: 0.99989
	mean-Q:  6408069.25376
-----------------------------------------------------------------------------
n = 40, p = 6, n - p - 1 = 33
Y: 国内生产总值(亿元)
-------------------------------Solve Result----------------------------------
Xi	| EstBeta	| T-Value	| F-Value	| X_name
-----------------------------------------------------------------------------
X0	| -3744.49049	| 0.00000	| 0.00000	| 1
X2	| 0.42480	| 14.91468	| 222.44764	| 进出口总额(人民币)(亿元)
X6	| 4.79195	| 2.26849	| 5.14606	| 城镇居民家庭人均可支配收入(元)
X8	| 0.02756	| 0.12777	| 0.01632	| 农林牧渔业总产值(亿元)
X10	| 0.00930	| 6.23926	| 38.92832	| 旅客运输量(万人)
X12	| 1.48901	| 10.25860	| 105.23892	| 社会消费品零售总额(亿元)
X13	| -2.13069	| 3.30094	| 10.89621	| 入境游客(万人次)
-----------------------------------------------------------------------------
	Q:  256251572.38014
	U:  2253090749834.41992
	F:  48358.72424
	R2: 0.99989
	mean-Q:  6406289.30950
-----------------------------------------------------------------------------
n = 40, p = 6, n - p - 1 = 33
Y: 国内生产总值(亿元)
-------------------------------Solve Result----------------------------------
Xi	| EstBeta	| T-Value	| F-Value	| X_name
-----------------------------------------------------------------------------
X0	| -1792.31079	| 0.00000	| 0.00000	| 1
X2	| 0.42520	| 15.17461	| 230.26893	| 进出口总额(人民币)(亿元)
X6	| 5.14568	| 3.12513	| 9.76646	| 城镇居民家庭人均可支配收入(元)
X9	| -0.00459	| 0.99223	| 0.98452	| 工业企业单位数(个)
X10	| 0.00963	| 6.73821	| 45.40344	| 旅客运输量(万人)
X12	| 1.46874	| 10.93527	| 119.58020	| 社会消费品零售总额(亿元)
X13	| -2.35689	| 3.75128	| 14.07208	| 入境游客(万人次)
-----------------------------------------------------------------------------
	Q:  248951108.74473
	U:  2253098050297.96777
	F:  49776.99975
	R2: 0.99989
	mean-Q:  6223777.71862
-----------------------------------------------------------------------------
n = 40, p = 6, n - p - 1 = 33
Y: 国内生产总值(亿元)
-------------------------------Solve Result----------------------------------
Xi	| EstBeta	| T-Value	| F-Value	| X_name
-----------------------------------------------------------------------------
X0	| -3493.80122	| 0.00000	| 0.00000	| 1
X2	| 0.42518	| 14.90332	| 222.10907	| 进出口总额(人民币)(亿元)
X6	| 4.87289	| 2.86688	| 8.21899	| 城镇居民家庭人均可支配收入(元)
X10	| 0.00963	| 5.22720	| 27.32358	| 旅客运输量(万人)
X11	| -0.00066	| 0.23163	| 0.05365	| 货物运输量(万吨)
X12	| 1.49585	| 10.14605	| 102.94229	| 社会消费品零售总额(亿元)
X13	| -2.12210	| 3.39219	| 11.50695	| 入境游客(万人次)
-----------------------------------------------------------------------------
	Q:  255962176.19060
	U:  2253091039232.41602
	F:  48413.40584
	R2: 0.99989
	mean-Q:  6399054.40476
-----------------------------------------------------------------------------
n = 40, p = 6, n - p - 1 = 33
Y: 国内生产总值(亿元)
-------------------------------Solve Result----------------------------------
Xi	| EstBeta	| T-Value	| F-Value	| X_name
-----------------------------------------------------------------------------
X0	| -2925.80676	| 0.00000	| 0.00000	| 1
X2	| 0.40531	| 12.70303	| 161.36686	| 进出口总额(人民币)(亿元)
X6	| 4.13902	| 2.35864	| 5.56318	| 城镇居民家庭人均可支配收入(元)
X10	| 0.00842	| 5.30896	| 28.18506	| 旅客运输量(万人)
X12	| 1.46905	| 11.04353	| 121.95961	| 社会消费品零售总额(亿元)
X13	| -2.27584	| 3.79987	| 14.43905	| 入境游客(万人次)
X14	| 0.58280	| 1.22960	| 1.51193	| 流通中现金(M0)供应量(亿元)
-----------------------------------------------------------------------------
	Q:  245146705.32746
	U:  2253101854703.71484
	F:  50549.56861
	R2: 0.99989
	mean-Q:  6128667.63319
-----------------------------------------------------------------------------
n = 40, p = 6, n - p - 1 = 33
Y: 国内生产总值(亿元)
-------------------------------Solve Result----------------------------------
Xi	| EstBeta	| T-Value	| F-Value	| X_name
-----------------------------------------------------------------------------
X0	| -667.43887	| 0.00000	| 0.00000	| 1
X2	| 0.44415	| 13.47075	| 181.46112	| 进出口总额(人民币)(亿元)
X6	| 4.37633	| 2.55754	| 6.54099	| 城镇居民家庭人均可支配收入(元)
X10	| 0.00993	| 6.67554	| 44.56286	| 旅客运输量(万人)
X12	| 1.53394	| 10.88729	| 118.53312	| 社会消费品零售总额(亿元)
X13	| -1.84710	| 2.81376	| 7.91722	| 入境游客(万人次)
X15	| -4.23945	| 1.11570	| 1.24478	| 普通高等学校学校数(所)
-----------------------------------------------------------------------------
	Q:  247059114.77952
	U:  2253099942291.28271
	F:  50158.23720
	R2: 0.99989
	mean-Q:  6176477.86949
-----------------------------------------------------------------------------
n = 40, p = 6, n - p - 1 = 33
Y: 国内生产总值(亿元)
-------------------------------Solve Result----------------------------------
Xi	| EstBeta	| T-Value	| F-Value	| X_name
-----------------------------------------------------------------------------
X0	| -3125.29749	| 0.00000	| 0.00000	| 1
X2	| 0.42104	| 14.12221	| 199.43675	| 进出口总额(人民币)(亿元)
X6	| 4.75785	| 2.73894	| 7.50179	| 城镇居民家庭人均可支配收入(元)
X10	| 0.00956	| 6.32895	| 40.05558	| 旅客运输量(万人)
X12	| 1.50142	| 10.42016	| 108.57981	| 社会消费品零售总额(亿元)
X13	| -2.05812	| 3.12425	| 9.76093	| 入境游客(万人次)
X16	| -0.00097	| 0.38395	| 0.14742	| 医疗卫生机构数(个)
-----------------------------------------------------------------------------
	Q:  255238126.84400
	U:  2253091763276.70020
	F:  48550.75866
	R2: 0.99989
	mean-Q:  6380953.17110
-----------------------------------------------------------------------------
n = 40, p = 5, n - p - 1 = 34
Y: 国内生产总值(亿元)
-------------------------------Solve Result----------------------------------
Xi	| EstBeta	| T-Value	| F-Value	| X_name
-----------------------------------------------------------------------------
X0	| -3715.96386	| 0.00000	| 0.00000	| 1
X2	| 0.42456	| 15.15929	| 229.80393	| 进出口总额(人民币)(亿元)
X6	| 4.95893	| 3.03228	| 9.19470	| 城镇居民家庭人均可支配收入(元)
X10	| 0.00936	| 6.67324	| 44.53217	| 旅客运输量(万人)
X12	| 1.48238	| 11.09767	| 123.15829	| 社会消费品零售总额(亿元)
X13	| -2.15956	| 3.62435	| 13.13588	| 入境游客(万人次)
-----------------------------------------------------------------------------
	Q:  256378334.91973
	U:  2253090623069.25488
	F:  59759.40300
	R2: 0.99989
	mean-Q:  6409458.37299
-----------------------------------------------------------------------------
Fordward-Backward End
