n = 40, p = 16, n - p - 1 = 23
Y: 国内生产总值(亿元)
-------------------------------Solve Result----------------------------------
Xi	| EstBeta	| T-Value	| F-Value	| X_name
-----------------------------------------------------------------------------
X0	| 76090.90625	| 0.00000	| 0.00000	| 1
X1	| -0.94815	| 1.55259	| 2.41055	| 年末总人口(万人)
X2	| 0.26707	| 2.76830	| 7.66350	| 进出口总额(人民币)(亿元)
X3	| 1.58453	| 1.95087	| 3.80589	| 财政收入(亿元)
X4	| -0.78295	| 1.13313	| 1.28397	| 财政支出(亿元)
X5	| 110.91929	| 1.39765	| 1.95341	| 居民消费价格指数(1978=100)
X6	| 3.48659	| 0.90662	| 0.82196	| 城镇居民家庭人均可支配收入(元)
X7	| -5.11707	| 0.37555	| 0.14104	| 农村居民家庭人均可支配收入(元)
X8	| -0.99428	| 1.25462	| 1.57406	| 农林牧渔业总产值(亿元)
X9	| 0.00131	| 0.14218	| 0.02021	| 工业企业单位数(个)
X10	| 0.00540	| 1.02004	| 1.04048	| 旅客运输量(万人)
X11	| 0.00046	| 0.07126	| 0.00508	| 货物运输量(万吨)
X12	| 1.64122	| 3.16664	| 10.02762	| 社会消费品零售总额(亿元)
X13	| -0.22992	| 0.15844	| 0.02510	| 入境游客(万人次)
X14	| 0.70264	| 0.78586	| 0.61758	| 流通中现金(M0)供应量(亿元)
X15	| 4.44391	| 0.44214	| 0.19549	| 普通高等学校学校数(所)
X16	| 0.00402	| 0.76180	| 0.58034	| 医疗卫生机构数(个)
-----------------------------------------------------------------------------
	Q:  189351546.64276
	U:  2253157649868.73145
	F:  17105.29530
	R2: 0.99992
	mean-Q:  4733788.66607
-----------------------------------------------------------------------------

* Step [ 1 ]: Remove X11: 货物运输量(万吨) Fi = 0.00508 < 4.28
n = 40, p = 15, n - p - 1 = 24
Y: 国内生产总值(亿元)
-------------------------------Solve Result----------------------------------
Xi	| EstBeta	| T-Value	| F-Value	| X_name
-----------------------------------------------------------------------------
X0	| 74771.65598	| 0.00000	| 0.00000	| 1
X1	| -0.93602	| 1.63018	| 2.65748	| 年末总人口(万人)
X2	| 0.26709	| 2.82772	| 7.99602	| 进出口总额(人民币)(亿元)
X3	| 1.60888	| 2.23032	| 4.97432	| 财政收入(亿元)
X4	| -0.79495	| 1.21163	| 1.46806	| 财政支出(亿元)
X5	| 112.02152	| 1.46992	| 2.16068	| 居民消费价格指数(1978=100)
X6	| 3.34072	| 1.04810	| 1.09852	| 城镇居民家庭人均可支配收入(元)
X7	| -5.12235	| 0.38398	| 0.14744	| 农村居民家庭人均可支配收入(元)
X8	| -1.00257	| 1.30626	| 1.70632	| 农林牧渔业总产值(亿元)
X9	| 0.00146	| 0.16559	| 0.02742	| 工业企业单位数(个)
X10	| 0.00551	| 1.10715	| 1.22579	| 旅客运输量(万人)
X11	| 1.65372	| 3.46323	| 11.99394	| 社会消费品零售总额(亿元)
X12	| -0.22229	| 0.15688	| 0.02461	| 入境游客(万人次)
X13	| 0.70685	| 0.80926	| 0.65490	| 流通中现金(M0)供应量(亿元)
X14	| 4.64585	| 0.49208	| 0.24214	| 普通高等学校学校数(所)
X15	| 0.00393	| 0.78462	| 0.61564	| 医疗卫生机构数(个)
-----------------------------------------------------------------------------
	Q:  189393351.49943
	U:  2253157608044.58252
	F:  19034.73456
	R2: 0.99992
	mean-Q:  4734833.78749
-----------------------------------------------------------------------------

* Step [ 2 ]: Remove X13: 入境游客(万人次) Fi = 0.02461 < 4.28
n = 40, p = 14, n - p - 1 = 25
Y: 国内生产总值(亿元)
-------------------------------Solve Result----------------------------------
Xi	| EstBeta	| T-Value	| F-Value	| X_name
-----------------------------------------------------------------------------
X0	| 78132.98532	| 0.00000	| 0.00000	| 1
X1	| -0.97417	| 1.91053	| 3.65012	| 年末总人口(万人)
X2	| 0.26038	| 3.15416	| 9.94872	| 进出口总额(人民币)(亿元)
X3	| 1.66528	| 2.71627	| 7.37812	| 财政收入(亿元)
X4	| -0.82945	| 1.36883	| 1.87369	| 财政支出(亿元)
X5	| 115.49654	| 1.61574	| 2.61061	| 居民消费价格指数(1978=100)
X6	| 3.13763	| 1.09889	| 1.20756	| 城镇居民家庭人均可支配收入(元)
X7	| -5.86744	| 0.48014	| 0.23053	| 农村居民家庭人均可支配收入(元)
X8	| -0.98177	| 1.32479	| 1.75506	| 农林牧渔业总产值(亿元)
X9	| 0.00171	| 0.20158	| 0.04064	| 工业企业单位数(个)
X10	| 0.00525	| 1.14049	| 1.30072	| 旅客运输量(万人)
X11	| 1.69136	| 4.17935	| 17.46696	| 社会消费品零售总额(亿元)
X12	| 0.66785	| 0.81363	| 0.66200	| 流通中现金(M0)供应量(亿元)
X13	| 4.64479	| 0.50186	| 0.25186	| 普通高等学校学校数(所)
X14	| 0.00402	| 0.82508	| 0.68075	| 医疗卫生机构数(个)
-----------------------------------------------------------------------------
	Q:  189587564.68693
	U:  2253157413846.50488
	F:  21222.35912
	R2: 0.99992
	mean-Q:  4739689.11717
-----------------------------------------------------------------------------

* Step [ 3 ]: Remove X9: 工业企业单位数(个) Fi = 0.04064 < 4.28
n = 40, p = 13, n - p - 1 = 26
Y: 国内生产总值(亿元)
-------------------------------Solve Result----------------------------------
Xi	| EstBeta	| T-Value	| F-Value	| X_name
-----------------------------------------------------------------------------
X0	| 81105.15558	| 0.00000	| 0.00000	| 1
X1	| -1.01108	| 2.16500	| 4.68721	| 年末总人口(万人)
X2	| 0.26242	| 3.26394	| 10.65328	| 进出口总额(人民币)(亿元)
X3	| 1.68108	| 2.81717	| 7.93642	| 财政收入(亿元)
X4	| -0.83087	| 1.39728	| 1.95240	| 财政支出(亿元)
X5	| 122.95427	| 2.04839	| 4.19589	| 居民消费价格指数(1978=100)
X6	| 3.10236	| 1.10924	| 1.23042	| 城镇居民家庭人均可支配收入(元)
X7	| -7.19958	| 0.71368	| 0.50934	| 农村居民家庭人均可支配收入(元)
X8	| -0.95249	| 1.33557	| 1.78375	| 农林牧渔业总产值(亿元)
X9	| 0.00483	| 1.20058	| 1.44140	| 旅客运输量(万人)
X10	| 1.73498	| 5.16934	| 26.72206	| 社会消费品零售总额(亿元)
X11	| 0.56792	| 0.88454	| 0.78240	| 流通中现金(M0)供应量(亿元)
X12	| 5.59328	| 0.71511	| 0.51138	| 普通高等学校学校数(所)
X13	| 0.00433	| 0.95447	| 0.91101	| 医疗卫生机构数(个)
-----------------------------------------------------------------------------
	Q:  189895731.41452
	U:  2253157105681.51709
	F:  23730.46607
	R2: 0.99992
	mean-Q:  4747393.28536
-----------------------------------------------------------------------------

* Step [ 4 ]: Remove X7: 农村居民家庭人均可支配收入(元) Fi = 0.50934 < 4.28
n = 40, p = 12, n - p - 1 = 27
Y: 国内生产总值(亿元)
-------------------------------Solve Result----------------------------------
Xi	| EstBeta	| T-Value	| F-Value	| X_name
-----------------------------------------------------------------------------
X0	| 86904.72827	| 0.00000	| 0.00000	| 1
X1	| -1.08817	| 2.41707	| 5.84223	| 年末总人口(万人)
X2	| 0.27093	| 3.43882	| 11.82549	| 进出口总额(人民币)(亿元)
X3	| 1.66747	| 2.82154	| 7.96109	| 财政收入(亿元)
X4	| -0.72751	| 1.27307	| 1.62071	| 财政支出(亿元)
X5	| 122.28541	| 2.05626	| 4.22821	| 居民消费价格指数(1978=100)
X6	| 2.05966	| 0.87159	| 0.75966	| 城镇居民家庭人均可支配收入(元)
X7	| -1.19978	| 1.94252	| 3.77337	| 农林牧渔业总产值(亿元)
X8	| 0.00732	| 3.68793	| 13.60085	| 旅客运输量(万人)
X9	| 1.56768	| 6.58668	| 43.38435	| 社会消费品零售总额(亿元)
X10	| 0.66560	| 1.07083	| 1.14667	| 流通中现金(M0)供应量(亿元)
X11	| 7.52264	| 1.03439	| 1.06997	| 普通高等学校学校数(所)
X12	| 0.00292	| 0.72102	| 0.51987	| 医疗卫生机构数(个)
-----------------------------------------------------------------------------
	Q:  193615777.36450
	U:  2253153385629.08203
	F:  26183.79136
	R2: 0.99991
	mean-Q:  4840394.43411
-----------------------------------------------------------------------------

* Step [ 5 ]: Remove X16: 医疗卫生机构数(个) Fi = 0.51987 < 4.28
n = 40, p = 11, n - p - 1 = 28
Y: 国内生产总值(亿元)
-------------------------------Solve Result----------------------------------
Xi	| EstBeta	| T-Value	| F-Value	| X_name
-----------------------------------------------------------------------------
X0	| 71625.13512	| 0.00000	| 0.00000	| 1
X1	| -0.90795	| 2.44588	| 5.98235	| 年末总人口(万人)
X2	| 0.26738	| 3.42994	| 11.76449	| 进出口总额(人民币)(亿元)
X3	| 1.68636	| 2.88112	| 8.30088	| 财政收入(亿元)
X4	| -0.78112	| 1.39058	| 1.93370	| 财政支出(亿元)
X5	| 110.79550	| 1.95057	| 3.80473	| 居民消费价格指数(1978=100)
X6	| 1.80568	| 0.77946	| 0.60755	| 城镇居民家庭人均可支配收入(元)
X7	| -1.09190	| 1.83795	| 3.37808	| 农林牧渔业总产值(亿元)
X8	| 0.00779	| 4.18927	| 17.54995	| 旅客运输量(万人)
X9	| 1.61243	| 7.07840	| 50.10372	| 社会消费品零售总额(亿元)
X10	| 0.51626	| 0.88856	| 0.78954	| 流通中现金(M0)供应量(亿元)
X11	| 7.23314	| 1.00476	| 1.00954	| 普通高等学校学校数(所)
-----------------------------------------------------------------------------
	Q:  197343707.18177
	U:  2253149657697.16016
	F:  29062.44197
	R2: 0.99991
	mean-Q:  4933592.67954
-----------------------------------------------------------------------------

* Step [ 6 ]: Remove X6: 城镇居民家庭人均可支配收入(元) Fi = 0.60755 < 4.28
n = 40, p = 10, n - p - 1 = 29
Y: 国内生产总值(亿元)
-------------------------------Solve Result----------------------------------
Xi	| EstBeta	| T-Value	| F-Value	| X_name
-----------------------------------------------------------------------------
X0	| 79858.26255	| 0.00000	| 0.00000	| 1
X1	| -1.02369	| 3.02940	| 9.17727	| 年末总人口(万人)
X2	| 0.29406	| 4.22736	| 17.87061	| 进出口总额(人民币)(亿元)
X3	| 1.59903	| 2.80242	| 7.85354	| 财政收入(亿元)
X4	| -0.67527	| 1.24736	| 1.55590	| 财政支出(亿元)
X5	| 132.43711	| 2.69089	| 7.24091	| 居民消费价格指数(1978=100)
X6	| -1.18853	| 2.05961	| 4.24199	| 农林牧渔业总产值(亿元)
X7	| 0.00753	| 4.14433	| 17.17551	| 旅客运输量(万人)
X8	| 1.70944	| 9.02113	| 81.38070	| 社会消费品零售总额(亿元)
X9	| 0.74004	| 1.47512	| 2.17598	| 流通中现金(M0)供应量(亿元)
X10	| 9.60320	| 1.48177	| 2.19563	| 普通高等学校学校数(所)
-----------------------------------------------------------------------------
	Q:  201625735.41152
	U:  2253145375682.72217
	F:  32407.18044
	R2: 0.99991
	mean-Q:  5040643.38529
-----------------------------------------------------------------------------

* Step [ 7 ]: Remove X4: 财政支出(亿元) Fi = 1.55590 < 4.28
n = 40, p = 9, n - p - 1 = 30
Y: 国内生产总值(亿元)
-------------------------------Solve Result----------------------------------
Xi	| EstBeta	| T-Value	| F-Value	| X_name
-----------------------------------------------------------------------------
X0	| 70805.89803	| 0.00000	| 0.00000	| 1
X1	| -0.91092	| 2.77210	| 7.68456	| 年末总人口(万人)
X2	| 0.35668	| 7.33885	| 53.85865	| 进出口总额(人民币)(亿元)
X3	| 1.13489	| 2.59963	| 6.75809	| 财政收入(亿元)
X4	| 131.47147	| 2.64719	| 7.00761	| 居民消费价格指数(1978=100)
X5	| -1.03472	| 1.81870	| 3.30766	| 农林牧渔业总产值(亿元)
X6	| 0.00750	| 4.09003	| 16.72832	| 旅客运输量(万人)
X7	| 1.52962	| 12.32396	| 151.88009	| 社会消费品零售总额(亿元)
X8	| 0.39261	| 0.93233	| 0.86924	| 流通中现金(M0)供应量(亿元)
X9	| 6.61291	| 1.08823	| 1.18425	| 普通高等学校学校数(所)
-----------------------------------------------------------------------------
	Q:  212443270.11805
	U:  2253134558135.59766
	F:  35352.72510
	R2: 0.99991
	mean-Q:  5311081.75295
-----------------------------------------------------------------------------

* Step [ 8 ]: Remove X14: 流通中现金(M0)供应量(亿元) Fi = 0.86924 < 4.28
n = 40, p = 8, n - p - 1 = 31
Y: 国内生产总值(亿元)
-------------------------------Solve Result----------------------------------
Xi	| EstBeta	| T-Value	| F-Value	| X_name
-----------------------------------------------------------------------------
X0	| 65924.68672	| 0.00000	| 0.00000	| 1
X1	| -0.86142	| 2.66198	| 7.08613	| 年末总人口(万人)
X2	| 0.37943	| 9.04686	| 81.84559	| 进出口总额(人民币)(亿元)
X3	| 1.08724	| 2.51303	| 6.31533	| 财政收入(亿元)
X4	| 127.11777	| 2.57636	| 6.63762	| 居民消费价格指数(1978=100)
X5	| -0.90453	| 1.64350	| 2.70110	| 农林牧渔业总产值(亿元)
X6	| 0.00817	| 4.85421	| 23.56333	| 旅客运输量(万人)
X7	| 1.57212	| 13.64667	| 186.23157	| 社会消费品零售总额(亿元)
X8	| 6.30183	| 1.04080	| 1.08327	| 普通高等学校学校数(所)
-----------------------------------------------------------------------------
	Q:  218598709.77837
	U:  2253128402699.15381
	F:  39940.18340
	R2: 0.99990
	mean-Q:  5464967.74446
-----------------------------------------------------------------------------

* Step [ 9 ]: Remove X15: 普通高等学校学校数(所) Fi = 1.08327 < 4.28
n = 40, p = 7, n - p - 1 = 32
Y: 国内生产总值(亿元)
-------------------------------Solve Result----------------------------------
Xi	| EstBeta	| T-Value	| F-Value	| X_name
-----------------------------------------------------------------------------
X0	| 45709.32104	| 0.00000	| 0.00000	| 1
X1	| -0.58075	| 3.24223	| 10.51206	| 年末总人口(万人)
X2	| 0.40588	| 12.15037	| 147.63147	| 进出口总额(人民币)(亿元)
X3	| 0.87054	| 2.29246	| 5.25536	| 财政收入(亿元)
X4	| 90.08287	| 2.63209	| 6.92790	| 居民消费价格指数(1978=100)
X5	| -0.61499	| 1.29335	| 1.67275	| 农林牧渔业总产值(亿元)
X6	| 0.00899	| 6.06022	| 36.72630	| 旅客运输量(万人)
X7	| 1.61805	| 15.18526	| 230.59226	| 社会消费品零售总额(亿元)
-----------------------------------------------------------------------------
	Q:  226237482.39597
	U:  2253120763923.10107
	F:  45527.29515
	R2: 0.99990
	mean-Q:  5655937.05990
-----------------------------------------------------------------------------

* Step [ 10 ]: Remove X8: 农林牧渔业总产值(亿元) Fi = 1.67275 < 4.28
n = 40, p = 6, n - p - 1 = 33
Y: 国内生产总值(亿元)
-------------------------------Solve Result----------------------------------
Xi	| EstBeta	| T-Value	| F-Value	| X_name
-----------------------------------------------------------------------------
X0	| 41847.29898	| 0.00000	| 0.00000	| 1
X1	| -0.50756	| 2.95660	| 8.74147	| 年末总人口(万人)
X2	| 0.39670	| 12.03130	| 144.75225	| 进出口总额(人民币)(亿元)
X3	| 0.46495	| 2.14932	| 4.61956	| 财政收入(亿元)
X4	| 49.87507	| 3.44956	| 11.89944	| 居民消费价格指数(1978=100)
X5	| 0.00904	| 6.03201	| 36.38512	| 旅客运输量(万人)
X6	| 1.67271	| 16.92941	| 286.60496	| 社会消费品零售总额(亿元)
-----------------------------------------------------------------------------
	Q:  238063720.97906
	U:  2253108937686.24365
	F:  52053.70691
	R2: 0.99989
	mean-Q:  5951593.02448
-----------------------------------------------------------------------------
---------------------------Backward Result-----------------------------------
Xi	| Est-Beta	| T-Value	| F-Value	| X_name
-----------------------------------------------------------------------------
X0	| 41847.29898	| 0.00000	| 0.00000	| 1
X1	| -0.50756	| 2.95660	| 8.74147	| 年末总人口(万人)
X2	| 0.39670	| 12.03130	| 144.75225	| 进出口总额(人民币)(亿元)
X3	| 0.46495	| 2.14932	| 4.61956	| 财政收入(亿元)
X5	| 49.87507	| 3.44956	| 11.89944	| 居民消费价格指数(1978=100)
X10	| 0.00904	| 6.03201	| 36.38512	| 旅客运输量(万人)
X12	| 1.67271	| 16.92941	| 286.60496	| 社会消费品零售总额(亿元)
-----------------------------Backward End------------------------------------
