n = 40, p = 16, n - p - 1 = 23
Y: 国内生产总值(亿元)
-------------------------------Solve Result----------------------------------
Xi	| EstBeta	| T-Value	| F-Value	| X_name
-----------------------------------------------------------------------------
X0	| 76090.90625	| 0.00000	| 0.00000	| 1
X1	| -0.94815	| 1.55259	| 2.41055	| 年末总人口(万人)
X2	| 0.26707	| 2.76830	| 7.66350	| 进出口总额(人民币)(亿元)
X3	| 1.58453	| 1.95087	| 3.80589	| 财政收入(亿元)
X4	| -0.78295	| 1.13313	| 1.28397	| 财政支出(亿元)
X5	| 110.91929	| 1.39765	| 1.95341	| 居民消费价格指数(1978=100)
X6	| 3.48659	| 0.90662	| 0.82196	| 城镇居民家庭人均可支配收入(元)
X7	| -5.11707	| 0.37555	| 0.14104	| 农村居民家庭人均可支配收入(元)
X8	| -0.99428	| 1.25462	| 1.57406	| 农林牧渔业总产值(亿元)
X9	| 0.00131	| 0.14218	| 0.02021	| 工业企业单位数(个)
X10	| 0.00540	| 1.02004	| 1.04048	| 旅客运输量(万人)
X11	| 0.00046	| 0.07126	| 0.00508	| 货物运输量(万吨)
X12	| 1.64122	| 3.16664	| 10.02762	| 社会消费品零售总额(亿元)
X13	| -0.22992	| 0.15844	| 0.02510	| 入境游客(万人次)
X14	| 0.70264	| 0.78586	| 0.61758	| 流通中现金(M0)供应量(亿元)
X15	| 4.44391	| 0.44214	| 0.19549	| 普通高等学校学校数(所)
X16	| 0.00402	| 0.76180	| 0.58034	| 医疗卫生机构数(个)
-----------------------------------------------------------------------------
	Q:  189351546.64276
	U:  2253157649868.73096
	F:  17105.29530
	R2: 0.99992
	mean-Q:  4733788.66607
-----------------------------------------------------------------------------
