n = 40, p = 1, n - p - 1 = 38
Y: 国内生产总值(亿元)
-------------------------------Solve Result----------------------------------
Xi	| EstBeta	| T-Value	| F-Value	| X_name
-----------------------------------------------------------------------------
X0	| -1533168.63357	| 0.00000	| 0.00000	| 1
X1	| 14.21581	| 7.66124	| 58.69456	| 年末总人口(万人)
-----------------------------------------------------------------------------
	Q:  885542937316.09119
	U:  1367804064091.02295
	F:  58.69456
	R2: 0.60701
	mean-Q:  22138573432.90228
-----------------------------------------------------------------------------
n = 40, p = 1, n - p - 1 = 38
Y: 国内生产总值(亿元)
-------------------------------Solve Result----------------------------------
Xi	| EstBeta	| T-Value	| F-Value	| X_name
-----------------------------------------------------------------------------
X0	| -4555.79067	| 0.00000	| 0.00000	| 1
X2	| 2.39616	| 24.52837	| 601.64086	| 进出口总额(人民币)(亿元)
-----------------------------------------------------------------------------
	Q:  133867597895.79579
	U:  2119479403511.33228
	F:  601.64086
	R2: 0.94059
	mean-Q:  3346689947.39489
-----------------------------------------------------------------------------
n = 40, p = 1, n - p - 1 = 38
Y: 国内生产总值(亿元)
-------------------------------Solve Result----------------------------------
Xi	| EstBeta	| T-Value	| F-Value	| X_name
-----------------------------------------------------------------------------
X0	| 18492.66747	| 0.00000	| 0.00000	| 1
X3	| 4.57896	| 83.59171	| 6987.57322	| 财政收入(亿元)
-----------------------------------------------------------------------------
	Q:  12187928784.18147
	U:  2241159072622.94775
	F:  6987.57322
	R2: 0.99459
	mean-Q:  304698219.60454
-----------------------------------------------------------------------------
n = 40, p = 1, n - p - 1 = 38
Y: 国内生产总值(亿元)
-------------------------------Solve Result----------------------------------
Xi	| EstBeta	| T-Value	| F-Value	| X_name
-----------------------------------------------------------------------------
X0	| 22487.21742	| 0.00000	| 0.00000	| 1
X4	| 4.04532	| 64.69081	| 4184.90116	| 财政支出(亿元)
-----------------------------------------------------------------------------
	Q:  20276862459.80677
	U:  2233070138947.32080
	F:  4184.90116
	R2: 0.99100
	mean-Q:  506921561.49517
-----------------------------------------------------------------------------
n = 40, p = 1, n - p - 1 = 38
Y: 国内生产总值(亿元)
-------------------------------Solve Result----------------------------------
Xi	| EstBeta	| T-Value	| F-Value	| X_name
-----------------------------------------------------------------------------
X0	| -205208.92927	| 0.00000	| 0.00000	| 1
X5	| 1091.68535	| 9.12850	| 83.32950	| 居民消费价格指数(1978=100)
-----------------------------------------------------------------------------
	Q:  705740843410.72949
	U:  1547606157996.39185
	F:  83.32950
	R2: 0.68680
	mean-Q:  17643521085.26824
-----------------------------------------------------------------------------
n = 40, p = 1, n - p - 1 = 38
Y: 国内生产总值(亿元)
-------------------------------Solve Result----------------------------------
Xi	| EstBeta	| T-Value	| F-Value	| X_name
-----------------------------------------------------------------------------
X0	| -24220.73657	| 0.00000	| 0.00000	| 1
X6	| 22.72767	| 86.32793	| 7452.51135	| 城镇居民家庭人均可支配收入(元)
-----------------------------------------------------------------------------
	Q:  11431420644.38633
	U:  2241915580762.73877
	F:  7452.51135
	R2: 0.99493
	mean-Q:  285785516.10966
-----------------------------------------------------------------------------
n = 40, p = 1, n - p - 1 = 38
Y: 国内生产总值(亿元)
-------------------------------Solve Result----------------------------------
Xi	| EstBeta	| T-Value	| F-Value	| X_name
-----------------------------------------------------------------------------
X0	| -20618.01145	| 0.00000	| 0.00000	| 1
X7	| 64.56993	| 62.63900	| 3923.64490	| 农村居民家庭人均可支配收入(元)
-----------------------------------------------------------------------------
	Q:  21614048736.69484
	U:  2231732952670.43066
	F:  3923.64490
	R2: 0.99041
	mean-Q:  540351218.41737
-----------------------------------------------------------------------------
n = 40, p = 1, n - p - 1 = 38
Y: 国内生产总值(亿元)
-------------------------------Solve Result----------------------------------
Xi	| EstBeta	| T-Value	| F-Value	| X_name
-----------------------------------------------------------------------------
X0	| -40395.29910	| 0.00000	| 0.00000	| 1
X8	| 6.68536	| 49.37995	| 2438.37912	| 农林牧渔业总产值(亿元)
-----------------------------------------------------------------------------
	Q:  34577575465.43809
	U:  2218769425941.69238
	F:  2438.37912
	R2: 0.98466
	mean-Q:  864439386.63595
-----------------------------------------------------------------------------
n = 40, p = 1, n - p - 1 = 38
Y: 国内生产总值(亿元)
-------------------------------Solve Result----------------------------------
Xi	| EstBeta	| T-Value	| F-Value	| X_name
-----------------------------------------------------------------------------
X0	| 208134.13059	| 0.00000	| 0.00000	| 1
X9	| -0.05227	| 0.14527	| 0.02110	| 工业企业单位数(个)
-----------------------------------------------------------------------------
	Q:  2252096342547.15234
	U:  1250658859.97611
	F:  0.02110
	R2: 0.00056
	mean-Q:  56302408563.67881
-----------------------------------------------------------------------------
n = 40, p = 1, n - p - 1 = 38
Y: 国内生产总值(亿元)
-------------------------------Solve Result----------------------------------
Xi	| EstBeta	| T-Value	| F-Value	| X_name
-----------------------------------------------------------------------------
X0	| -84796.39319	| 0.00000	| 0.00000	| 1
X10	| 0.18959	| 6.38277	| 40.73976	| 旅客运输量(万人)
-----------------------------------------------------------------------------
	Q:  1087470686251.37622
	U:  1165876315155.75195
	F:  40.73976
	R2: 0.51740
	mean-Q:  27186767156.28440
-----------------------------------------------------------------------------
n = 40, p = 1, n - p - 1 = 38
Y: 国内生产总值(亿元)
-------------------------------Solve Result----------------------------------
Xi	| EstBeta	| T-Value	| F-Value	| X_name
-----------------------------------------------------------------------------
X0	| -121636.47505	| 0.00000	| 0.00000	| 1
X11	| 0.17704	| 31.34354	| 982.41763	| 货物运输量(万吨)
-----------------------------------------------------------------------------
	Q:  83913864225.52510
	U:  2169433137181.60376
	F:  982.41763
	R2: 0.96276
	mean-Q:  2097846605.63813
-----------------------------------------------------------------------------
n = 40, p = 1, n - p - 1 = 38
Y: 国内生产总值(亿元)
-------------------------------Solve Result----------------------------------
Xi	| EstBeta	| T-Value	| F-Value	| X_name
-----------------------------------------------------------------------------
X0	| 9323.52618	| 0.00000	| 0.00000	| 1
X12	| 2.34403	| 74.94334	| 5616.50353	| 社会消费品零售总额(亿元)
-----------------------------------------------------------------------------
	Q:  15143183760.71004
	U:  2238203817646.41553
	F:  5616.50353
	R2: 0.99328
	mean-Q:  378579594.01775
-----------------------------------------------------------------------------
n = 40, p = 1, n - p - 1 = 38
Y: 国内生产总值(亿元)
-------------------------------Solve Result----------------------------------
Xi	| EstBeta	| T-Value	| F-Value	| X_name
-----------------------------------------------------------------------------
X0	| -95958.25292	| 0.00000	| 0.00000	| 1
X13	| 40.35530	| 9.45724	| 89.43932	| 入境游客(万人次)
-----------------------------------------------------------------------------
	Q:  671905561606.65308
	U:  1581441439800.47095
	F:  89.43932
	R2: 0.70182
	mean-Q:  16797639040.16633
-----------------------------------------------------------------------------
n = 40, p = 1, n - p - 1 = 38
Y: 国内生产总值(亿元)
-------------------------------Solve Result----------------------------------
Xi	| EstBeta	| T-Value	| F-Value	| X_name
-----------------------------------------------------------------------------
X0	| -24409.33207	| 0.00000	| 0.00000	| 1
X14	| 10.67396	| 47.12137	| 2220.42337	| 流通中现金(M0)供应量(亿元)
-----------------------------------------------------------------------------
	Q:  37914585579.27627
	U:  2215432415827.85156
	F:  2220.42337
	R2: 0.98317
	mean-Q:  947864639.48191
-----------------------------------------------------------------------------
n = 40, p = 1, n - p - 1 = 38
Y: 国内生产总值(亿元)
-------------------------------Solve Result----------------------------------
Xi	| EstBeta	| T-Value	| F-Value	| X_name
-----------------------------------------------------------------------------
X0	| -302103.84415	| 0.00000	| 0.00000	| 1
X15	| 338.94435	| 16.72995	| 279.89120	| 普通高等学校学校数(所)
-----------------------------------------------------------------------------
	Q:  269360035305.84116
	U:  1983986966101.28809
	F:  279.89120
	R2: 0.88046
	mean-Q:  6734000882.64603
-----------------------------------------------------------------------------
n = 40, p = 1, n - p - 1 = 38
Y: 国内生产总值(亿元)
-------------------------------Solve Result----------------------------------
Xi	| EstBeta	| T-Value	| F-Value	| X_name
-----------------------------------------------------------------------------
X0	| -12216.36479	| 0.00000	| 0.00000	| 1
X16	| 0.22274	| 1.28883	| 1.66109	| 医疗卫生机构数(个)
-----------------------------------------------------------------------------
	Q:  2158972135719.94336
	U:  94374865687.18462
	F:  1.66109
	R2: 0.04188
	mean-Q:  53974303392.99858
-----------------------------------------------------------------------------

* Step [ 1 ]: Add X6: 城镇居民家庭人均可支配收入(元) Fi = 7452.51135 >= 4.28
n = 40, p = 2, n - p - 1 = 37
Y: 国内生产总值(亿元)
-------------------------------Solve Result----------------------------------
Xi	| EstBeta	| T-Value	| F-Value	| X_name
-----------------------------------------------------------------------------
X0	| 195161.48642	| 0.00000	| 0.00000	| 1
X1	| -1.96626	| 10.85708	| 117.87629	| 年末总人口(万人)
X6	| 24.73379	| 109.36453	| 11960.59956	| 城镇居民家庭人均可支配收入(元)
-----------------------------------------------------------------------------
	Q:  2730970351.86569
	U:  2250616031055.26562
	F:  15246.00827
	R2: 0.99879
	mean-Q:  68274258.79664
-----------------------------------------------------------------------------
n = 40, p = 2, n - p - 1 = 37
Y: 国内生产总值(亿元)
-------------------------------Solve Result----------------------------------
Xi	| EstBeta	| T-Value	| F-Value	| X_name
-----------------------------------------------------------------------------
X0	| -24476.22971	| 0.00000	| 0.00000	| 1
X2	| -0.07342	| 0.57917	| 0.33544	| 进出口总额(人民币)(亿元)
X6	| 23.38704	| 20.00541	| 400.21653	| 城镇居民家庭人均可支配收入(元)
-----------------------------------------------------------------------------
	Q:  11328714220.99184
	U:  2242018287186.11963
	F:  3661.25736
	R2: 0.99497
	mean-Q:  283217855.52480
-----------------------------------------------------------------------------
n = 40, p = 2, n - p - 1 = 37
Y: 国内生产总值(亿元)
-------------------------------Solve Result----------------------------------
Xi	| EstBeta	| T-Value	| F-Value	| X_name
-----------------------------------------------------------------------------
X0	| -4171.80992	| 0.00000	| 0.00000	| 1
X3	| 2.26128	| 21.87828	| 478.65919	| 财政收入(亿元)
X6	| 11.61514	| 22.64474	| 512.78447	| 城镇居民家庭人均可支配收入(元)
-----------------------------------------------------------------------------
	Q:  820236644.13044
	U:  2252526764763.00879
	F:  50804.53970
	R2: 0.99964
	mean-Q:  20505916.10326
-----------------------------------------------------------------------------
n = 40, p = 2, n - p - 1 = 37
Y: 国内生产总值(亿元)
-------------------------------Solve Result----------------------------------
Xi	| EstBeta	| T-Value	| F-Value	| X_name
-----------------------------------------------------------------------------
X0	| -5808.66882	| 0.00000	| 0.00000	| 1
X4	| 1.70301	| 13.20840	| 174.46189	| 财政支出(亿元)
X6	| 13.29307	| 18.38716	| 338.08756	| 城镇居民家庭人均可支配收入(元)
-----------------------------------------------------------------------------
	Q:  2000183390.49111
	U:  2251346818016.62744
	F:  20823.04869
	R2: 0.99911
	mean-Q:  50004584.76228
-----------------------------------------------------------------------------
n = 40, p = 2, n - p - 1 = 37
Y: 国内生产总值(亿元)
-------------------------------Solve Result----------------------------------
Xi	| EstBeta	| T-Value	| F-Value	| X_name
-----------------------------------------------------------------------------
X0	| 12154.63499	| 0.00000	| 0.00000	| 1
X5	| -164.53042	| 11.64730	| 135.65950	| 居民消费价格指数(1978=100)
X6	| 25.18325	| 103.06536	| 10622.46758	| 城镇居民家庭人均可支配收入(元)
-----------------------------------------------------------------------------
	Q:  2449691883.42852
	U:  2250897309523.69873
	F:  16998.70931
	R2: 0.99891
	mean-Q:  61242297.08571
-----------------------------------------------------------------------------
n = 40, p = 2, n - p - 1 = 37
Y: 国内生产总值(亿元)
-------------------------------Solve Result----------------------------------
Xi	| EstBeta	| T-Value	| F-Value	| X_name
-----------------------------------------------------------------------------
X0	| -23650.03197	| 0.00000	| 0.00000	| 1
X6	| 16.27302	| 6.86483	| 47.12592	| 城镇居民家庭人均可支配收入(元)
X7	| 18.47722	| 2.73738	| 7.49323	| 农村居民家庭人均可支配收入(元)
-----------------------------------------------------------------------------
	Q:  9506223391.36636
	U:  2243840778015.84570
	F:  4366.72406
	R2: 0.99578
	mean-Q:  237655584.78416
-----------------------------------------------------------------------------
n = 40, p = 2, n - p - 1 = 37
Y: 国内生产总值(亿元)
-------------------------------Solve Result----------------------------------
Xi	| EstBeta	| T-Value	| F-Value	| X_name
-----------------------------------------------------------------------------
X0	| -18823.37755	| 0.00000	| 0.00000	| 1
X6	| 29.49829	| 9.44608	| 89.22835	| 城镇居民家庭人均可支配收入(元)
X8	| -2.00845	| 2.17517	| 4.73136	| 农林牧渔业总产值(亿元)
-----------------------------------------------------------------------------
	Q:  10135364160.81975
	U:  2243211637246.25928
	F:  4094.51645
	R2: 0.99550
	mean-Q:  253384104.02049
-----------------------------------------------------------------------------
n = 40, p = 2, n - p - 1 = 37
Y: 国内生产总值(亿元)
-------------------------------Solve Result----------------------------------
Xi	| EstBeta	| T-Value	| F-Value	| X_name
-----------------------------------------------------------------------------
X0	| -44974.99540	| 0.00000	| 0.00000	| 1
X6	| 22.75577	| 91.08495	| 8296.46836	| 城镇居民家庭人均可支配收入(元)
X9	| 0.05600	| 2.30214	| 5.29987	| 工业企业单位数(个)
-----------------------------------------------------------------------------
	Q:  9999145746.02772
	U:  2243347855661.09619
	F:  4150.54810
	R2: 0.99556
	mean-Q:  249978643.65069
-----------------------------------------------------------------------------
n = 40, p = 2, n - p - 1 = 37
Y: 国内生产总值(亿元)
-------------------------------Solve Result----------------------------------
Xi	| EstBeta	| T-Value	| F-Value	| X_name
-----------------------------------------------------------------------------
X0	| -12435.29956	| 0.00000	| 0.00000	| 1
X6	| 23.63108	| 68.17119	| 4647.31100	| 城镇居民家庭人均可支配收入(元)
X10	| -0.01403	| 3.49874	| 12.24117	| 旅客运输量(万人)
-----------------------------------------------------------------------------
	Q:  8589612296.60829
	U:  2244757389110.51758
	F:  4834.67824
	R2: 0.99619
	mean-Q:  214740307.41521
-----------------------------------------------------------------------------
n = 40, p = 2, n - p - 1 = 37
Y: 国内生产总值(亿元)
-------------------------------Solve Result----------------------------------
Xi	| EstBeta	| T-Value	| F-Value	| X_name
-----------------------------------------------------------------------------
X0	| -18658.60300	| 0.00000	| 0.00000	| 1
X6	| 23.90589	| 15.45942	| 238.99355	| 城镇居民家庭人均可支配收入(元)
X11	| -0.00947	| 0.77334	| 0.59806	| 货物运输量(万吨)
-----------------------------------------------------------------------------
	Q:  11249585132.64904
	U:  2242097416274.46875
	F:  3687.14061
	R2: 0.99501
	mean-Q:  281239628.31623
-----------------------------------------------------------------------------
n = 40, p = 2, n - p - 1 = 37
Y: 国内生产总值(亿元)
-------------------------------Solve Result----------------------------------
Xi	| EstBeta	| T-Value	| F-Value	| X_name
-----------------------------------------------------------------------------
X0	| -9924.14701	| 0.00000	| 0.00000	| 1
X6	| 12.53740	| 10.44512	| 109.10045	| 城镇居民家庭人均可支配收入(元)
X12	| 1.06068	| 8.56093	| 73.28960	| 社会消费品零售总额(亿元)
-----------------------------------------------------------------------------
	Q:  3835017674.62472
	U:  2249511983732.55469
	F:  10851.57233
	R2: 0.99830
	mean-Q:  95875441.86562
-----------------------------------------------------------------------------
n = 40, p = 2, n - p - 1 = 37
Y: 国内生产总值(亿元)
-------------------------------Solve Result----------------------------------
Xi	| EstBeta	| T-Value	| F-Value	| X_name
-----------------------------------------------------------------------------
X0	| -5065.95916	| 0.00000	| 0.00000	| 1
X6	| 25.19135	| 91.11604	| 8302.13222	| 城镇居民家庭人均可支配收入(元)
X13	| -5.98585	| 10.24096	| 104.87727	| 入境游客(万人次)
-----------------------------------------------------------------------------
	Q:  2981186187.39483
	U:  2250365815219.72803
	F:  13964.83311
	R2: 0.99868
	mean-Q:  74529654.68487
-----------------------------------------------------------------------------
n = 40, p = 2, n - p - 1 = 37
Y: 国内生产总值(亿元)
-------------------------------Solve Result----------------------------------
Xi	| EstBeta	| T-Value	| F-Value	| X_name
-----------------------------------------------------------------------------
X0	| -23531.46679	| 0.00000	| 0.00000	| 1
X6	| 29.68516	| 10.24632	| 104.98708	| 城镇居民家庭人均可支配收入(元)
X14	| -3.29914	| 2.41034	| 5.80975	| 流通中现金(M0)供应量(亿元)
-----------------------------------------------------------------------------
	Q:  9880051808.86212
	U:  2243466949598.17725
	F:  4200.80171
	R2: 0.99562
	mean-Q:  247001295.22155
-----------------------------------------------------------------------------
n = 40, p = 2, n - p - 1 = 37
Y: 国内生产总值(亿元)
-------------------------------Solve Result----------------------------------
Xi	| EstBeta	| T-Value	| F-Value	| X_name
-----------------------------------------------------------------------------
X0	| 3104.88597	| 0.00000	| 0.00000	| 1
X6	| 24.57174	| 31.28985	| 979.05488	| 城镇居民家庭人均可支配收入(元)
X15	| -30.79932	| 2.47397	| 6.12054	| 普通高等学校学校数(所)
-----------------------------------------------------------------------------
	Q:  9808841564.93382
	U:  2243538159842.19043
	F:  4231.43301
	R2: 0.99565
	mean-Q:  245221039.12335
-----------------------------------------------------------------------------
n = 40, p = 2, n - p - 1 = 37
Y: 国内生产总值(亿元)
-------------------------------Solve Result----------------------------------
Xi	| EstBeta	| T-Value	| F-Value	| X_name
-----------------------------------------------------------------------------
X0	| -3271.35942	| 0.00000	| 0.00000	| 1
X6	| 22.84331	| 87.60820	| 7675.19637	| 城镇居民家庭人均可支配收入(元)
X16	| -0.02439	| 1.95828	| 3.83488	| 医疗卫生机构数(个)
-----------------------------------------------------------------------------
	Q:  10357875388.36400
	U:  2242989126018.75928
	F:  4006.15930
	R2: 0.99540
	mean-Q:  258946884.70910
-----------------------------------------------------------------------------
Not Remove X6 F_value:512.78447 > F_out:4.28

* Step [ 2 ]: Add X3: 财政收入(亿元) Fi = 478.65919 >= 4.28
n = 40, p = 3, n - p - 1 = 36
Y: 国内生产总值(亿元)
-------------------------------Solve Result----------------------------------
Xi	| EstBeta	| T-Value	| F-Value	| X_name
-----------------------------------------------------------------------------
X0	| 26108.48170	| 0.00000	| 0.00000	| 1
X1	| -0.29254	| 1.45594	| 2.11977	| 年末总人口(万人)
X3	| 1.99515	| 9.53517	| 90.91942	| 财政收入(亿元)
X6	| 13.22146	| 10.89519	| 118.70523	| 城镇居民家庭人均可支配收入(元)
-----------------------------------------------------------------------------
	Q:  774624848.77128
	U:  2252572376558.14355
	F:  34895.43172
	R2: 0.99966
	mean-Q:  19365621.21928
-----------------------------------------------------------------------------
n = 40, p = 3, n - p - 1 = 36
Y: 国内生产总值(亿元)
-------------------------------Solve Result----------------------------------
Xi	| EstBeta	| T-Value	| F-Value	| X_name
-----------------------------------------------------------------------------
X0	| -4225.80702	| 0.00000	| 0.00000	| 1
X2	| -0.00933	| 0.26897	| 0.07235	| 进出口总额(人民币)(亿元)
X3	| 2.25885	| 21.49916	| 462.21389	| 财政收入(亿元)
X6	| 11.71084	| 18.59912	| 345.92743	| 城镇居民家庭人均可支配收入(元)
-----------------------------------------------------------------------------
	Q:  818591609.64939
	U:  2252528409797.68311
	F:  33020.54480
	R2: 0.99964
	mean-Q:  20464790.24123
-----------------------------------------------------------------------------
n = 40, p = 3, n - p - 1 = 36
Y: 国内生产总值(亿元)
-------------------------------Solve Result----------------------------------
Xi	| EstBeta	| T-Value	| F-Value	| X_name
-----------------------------------------------------------------------------
X0	| -4087.19918	| 0.00000	| 0.00000	| 1
X3	| 2.06078	| 7.29439	| 53.20810	| 财政收入(亿元)
X4	| 0.17225	| 0.76323	| 0.58252	| 财政支出(亿元)
X6	| 11.64619	| 22.50693	| 506.56204	| 城镇居民家庭人均可支配收入(元)
-----------------------------------------------------------------------------
	Q:  807175635.73611
	U:  2252539825771.29492
	F:  33487.72772
	R2: 0.99964
	mean-Q:  20179390.89340
-----------------------------------------------------------------------------
n = 40, p = 3, n - p - 1 = 36
Y: 国内生产总值(亿元)
-------------------------------Solve Result----------------------------------
Xi	| EstBeta	| T-Value	| F-Value	| X_name
-----------------------------------------------------------------------------
X0	| -2613.81481	| 0.00000	| 0.00000	| 1
X3	| 2.11161	| 8.53492	| 72.84485	| 财政收入(亿元)
X5	| -13.04939	| 0.66693	| 0.44480	| 居民消费价格指数(1978=100)
X6	| 12.54544	| 8.43359	| 71.12545	| 城镇居民家庭人均可支配收入(元)
-----------------------------------------------------------------------------
	Q:  810225820.05714
	U:  2252536775586.83105
	F:  33361.61430
	R2: 0.99964
	mean-Q:  20255645.50143
-----------------------------------------------------------------------------
n = 40, p = 3, n - p - 1 = 36
Y: 国内生产总值(亿元)
-------------------------------Solve Result----------------------------------
Xi	| EstBeta	| T-Value	| F-Value	| X_name
-----------------------------------------------------------------------------
X0	| -4392.84720	| 0.00000	| 0.00000	| 1
X3	| 2.23132	| 19.65514	| 386.32467	| 财政收入(亿元)
X6	| 11.25779	| 15.07877	| 227.36935	| 城镇居民家庭人均可支配收入(元)
X7	| 1.44446	| 0.66328	| 0.43994	| 农村居民家庭人均可支配收入(元)
-----------------------------------------------------------------------------
	Q:  810334005.23896
	U:  2252536667401.79736
	F:  33357.15870
	R2: 0.99964
	mean-Q:  20258350.13097
-----------------------------------------------------------------------------
n = 40, p = 3, n - p - 1 = 36
Y: 国内生产总值(亿元)
-------------------------------Solve Result----------------------------------
Xi	| EstBeta	| T-Value	| F-Value	| X_name
-----------------------------------------------------------------------------
X0	| -3553.64649	| 0.00000	| 0.00000	| 1
X3	| 2.21904	| 20.77808	| 431.72857	| 财政收入(亿元)
X6	| 13.06804	| 11.05748	| 122.26780	| 城镇居民家庭人均可支配收入(元)
X8	| -0.36941	| 1.36104	| 1.85243	| 农林牧渔业总产值(亿元)
-----------------------------------------------------------------------------
	Q:  780095830.19114
	U:  2252566905576.58643
	F:  34650.61832
	R2: 0.99965
	mean-Q:  19502395.75478
-----------------------------------------------------------------------------
n = 40, p = 3, n - p - 1 = 36
Y: 国内生产总值(亿元)
-------------------------------Solve Result----------------------------------
Xi	| EstBeta	| T-Value	| F-Value	| X_name
-----------------------------------------------------------------------------
X0	| -8018.47403	| 0.00000	| 0.00000	| 1
X3	| 2.21802	| 20.56705	| 423.00339	| 财政收入(亿元)
X6	| 11.83242	| 22.08260	| 487.64134	| 城镇居民家庭人均可支配收入(元)
X9	| 0.00934	| 1.28544	| 1.65236	| 工业企业单位数(个)
-----------------------------------------------------------------------------
	Q:  784240927.04642
	U:  2252562760480.08447
	F:  34467.40943
	R2: 0.99965
	mean-Q:  19606023.17616
-----------------------------------------------------------------------------
n = 40, p = 3, n - p - 1 = 36
Y: 国内生产总值(亿元)
-------------------------------Solve Result----------------------------------
Xi	| EstBeta	| T-Value	| F-Value	| X_name
-----------------------------------------------------------------------------
X0	| -4023.29805	| 0.00000	| 0.00000	| 1
X3	| 2.24770	| 18.47975	| 341.50110	| 财政收入(亿元)
X6	| 11.70253	| 17.87869	| 319.64742	| 城镇居民家庭人均可支配收入(元)
X10	| -0.00032	| 0.21959	| 0.04822	| 旅客运输量(万人)
-----------------------------------------------------------------------------
	Q:  819139443.62818
	U:  2252527861963.55371
	F:  32998.45289
	R2: 0.99964
	mean-Q:  20478486.09070
-----------------------------------------------------------------------------
n = 40, p = 3, n - p - 1 = 36
Y: 国内生产总值(亿元)
-------------------------------Solve Result----------------------------------
Xi	| EstBeta	| T-Value	| F-Value	| X_name
-----------------------------------------------------------------------------
X0	| -4391.17326	| 0.00000	| 0.00000	| 1
X3	| 2.26299	| 21.39936	| 457.93266	| 财政收入(亿元)
X6	| 11.55712	| 16.14956	| 260.80826	| 城镇居民家庭人均可支配收入(元)
X11	| 0.00040	| 0.11799	| 0.01392	| 货物运输量(万吨)
-----------------------------------------------------------------------------
	Q:  819919595.56713
	U:  2252527081811.52686
	F:  32967.04351
	R2: 0.99964
	mean-Q:  20497989.88918
-----------------------------------------------------------------------------
n = 40, p = 3, n - p - 1 = 36
Y: 国内生产总值(亿元)
-------------------------------Solve Result----------------------------------
Xi	| EstBeta	| T-Value	| F-Value	| X_name
-----------------------------------------------------------------------------
X0	| -4047.97759	| 0.00000	| 0.00000	| 1
X3	| 2.01850	| 12.16922	| 148.08984	| 财政收入(亿元)
X6	| 11.18568	| 20.35738	| 414.42290	| 城镇居民家庭人均可支配收入(元)
X12	| 0.16889	| 1.83665	| 3.37328	| 社会消费品零售总额(亿元)
-----------------------------------------------------------------------------
	Q:  749963358.41166
	U:  2252597038048.51221
	F:  36043.31352
	R2: 0.99967
	mean-Q:  18749083.96029
-----------------------------------------------------------------------------
n = 40, p = 3, n - p - 1 = 36
Y: 国内生产总值(亿元)
-------------------------------Solve Result----------------------------------
Xi	| EstBeta	| T-Value	| F-Value	| X_name
-----------------------------------------------------------------------------
X0	| -3500.09444	| 0.00000	| 0.00000	| 1
X3	| 1.96895	| 10.32785	| 106.66453	| 财政收入(亿元)
X6	| 13.47150	| 11.78112	| 138.79474	| 城镇居民家庭人均可支配收入(元)
X13	| -1.01987	| 1.80344	| 3.25239	| 入境游客(万人次)
-----------------------------------------------------------------------------
	Q:  752273176.90872
	U:  2252594728230.15527
	F:  35932.60742
	R2: 0.99967
	mean-Q:  18806829.42272
-----------------------------------------------------------------------------
n = 40, p = 3, n - p - 1 = 36
Y: 国内生产总值(亿元)
-------------------------------Solve Result----------------------------------
Xi	| EstBeta	| T-Value	| F-Value	| X_name
-----------------------------------------------------------------------------
X0	| -4466.15844	| 0.00000	| 0.00000	| 1
X3	| 2.21550	| 20.43818	| 417.71937	| 财政收入(亿元)
X6	| 12.96653	| 11.14490	| 124.20885	| 城镇居民家庭人均可支配收入(元)
X14	| -0.53412	| 1.29133	| 1.66754	| 流通中现金(M0)供应量(亿元)
-----------------------------------------------------------------------------
	Q:  783924793.61209
	U:  2252563076613.73926
	F:  34481.31395
	R2: 0.99965
	mean-Q:  19598119.84030
-----------------------------------------------------------------------------
n = 40, p = 3, n - p - 1 = 36
Y: 国内生产总值(亿元)
-------------------------------Solve Result----------------------------------
Xi	| EstBeta	| T-Value	| F-Value	| X_name
-----------------------------------------------------------------------------
X0	| -151.79055	| 0.00000	| 0.00000	| 1
X3	| 2.21315	| 20.38417	| 415.51437	| 财政收入(亿元)
X6	| 12.15179	| 18.71114	| 350.10673	| 城镇居民家庭人均可支配收入(元)
X15	| -5.01210	| 1.32537	| 1.75661	| 普通高等学校学校数(所)
-----------------------------------------------------------------------------
	Q:  782075424.75477
	U:  2252564925982.30762
	F:  34562.88007
	R2: 0.99965
	mean-Q:  19551885.61887
-----------------------------------------------------------------------------
n = 40, p = 3, n - p - 1 = 36
Y: 国内生产总值(亿元)
-------------------------------Solve Result----------------------------------
Xi	| EstBeta	| T-Value	| F-Value	| X_name
-----------------------------------------------------------------------------
X0	| -3951.08589	| 0.00000	| 0.00000	| 1
X3	| 2.25865	| 20.46161	| 418.67760	| 财政收入(亿元)
X6	| 11.62945	| 21.02713	| 442.14031	| 城镇居民家庭人均可支配收入(元)
X16	| -0.00028	| 0.07593	| 0.00576	| 医疗卫生机构数(个)
-----------------------------------------------------------------------------
	Q:  820105318.04722
	U:  2252526896089.20898
	F:  32959.57502
	R2: 0.99964
	mean-Q:  20502632.95118
-----------------------------------------------------------------------------
n = 40, p = 2, n - p - 1 = 37
Y: 国内生产总值(亿元)
-------------------------------Solve Result----------------------------------
Xi	| EstBeta	| T-Value	| F-Value	| X_name
-----------------------------------------------------------------------------
X0	| -4171.80992	| 0.00000	| 0.00000	| 1
X3	| 2.26128	| 21.87828	| 478.65919	| 财政收入(亿元)
X6	| 11.61514	| 22.64474	| 512.78447	| 城镇居民家庭人均可支配收入(元)
-----------------------------------------------------------------------------
	Q:  820236644.13044
	U:  2252526764763.00879
	F:  50804.53970
	R2: 0.99964
	mean-Q:  20505916.10326
-----------------------------------------------------------------------------
Fordward-Backward End
